[2021-09-25 08:16:35Z INFO HostContext] No proxy settings were found based on environmental variables (http_proxy/https_proxy/HTTP_PROXY/HTTPS_PROXY)
[2021-09-25 08:16:35Z INFO HostContext] Well known directory 'Bin': '/Users/morinagamasahiro/google-form/bin'
[2021-09-25 08:16:35Z INFO HostContext] Well known directory 'Root': '/Users/morinagamasahiro/google-form'
[2021-09-25 08:16:35Z INFO HostContext] Well known config file 'Credentials': '/Users/morinagamasahiro/google-form/.credentials'
[2021-09-25 08:16:35Z INFO Listener] Runner is built for OSX (X64) - osx-x64.
[2021-09-25 08:16:35Z INFO Listener] RuntimeInformation: Darwin 19.6.0 Darwin Kernel Version 19.6.0: Thu Oct 29 22:56:45 PDT 2020; root:xnu-6153.141.2.2~1/RELEASE_X86_64.
[2021-09-25 08:16:35Z INFO Listener] Version: 2.283.1
[2021-09-25 08:16:35Z INFO Listener] Commit: e6baf0d2755bc747d0eb58f24941e273d16c6524
[2021-09-25 08:16:35Z INFO Listener] Culture: ja-JP
[2021-09-25 08:16:35Z INFO Listener] UI Culture: ja-JP
[2021-09-25 08:16:35Z INFO HostContext] Well known directory 'Bin': '/Users/morinagamasahiro/google-form/bin'
[2021-09-25 08:16:35Z INFO HostContext] Well known directory 'Root': '/Users/morinagamasahiro/google-form'
[2021-09-25 08:16:35Z INFO Listener] Validating directory permissions for: '/Users/morinagamasahiro/google-form'
[2021-09-25 08:16:35Z INFO CommandLineParser] Parse
[2021-09-25 08:16:35Z INFO CommandLineParser] Parsing 5 args
[2021-09-25 08:16:35Z INFO CommandLineParser] parsing argument
[2021-09-25 08:16:35Z INFO CommandLineParser] HasArgs: False
[2021-09-25 08:16:35Z INFO CommandLineParser] Adding Command: configure
[2021-09-25 08:16:35Z INFO CommandLineParser] parsing argument
[2021-09-25 08:16:35Z INFO CommandLineParser] HasArgs: True
[2021-09-25 08:16:35Z INFO CommandLineParser] arg: url
[2021-09-25 08:16:35Z INFO CommandLineParser] parsing argument
[2021-09-25 08:16:35Z INFO CommandLineParser] HasArgs: True
[2021-09-25 08:16:35Z INFO CommandLineParser] Adding option 'url': 'https://github.com/tetsu-tech/google-form'
[2021-09-25 08:16:35Z INFO CommandLineParser] parsing argument
[2021-09-25 08:16:35Z INFO CommandLineParser] HasArgs: True
[2021-09-25 08:16:35Z INFO CommandLineParser] arg: token
[2021-09-25 08:16:35Z INFO CommandLineParser] parsing argument
[2021-09-25 08:16:35Z INFO CommandLineParser] HasArgs: True
[2021-09-25 08:16:35Z INFO CommandLineParser] Adding option 'token': '***'
[2021-09-25 08:16:35Z INFO Listener] Arguments parsed
[2021-09-25 08:16:35Z INFO Runner] ExecuteCommand
[2021-09-25 08:16:35Z INFO ConfigurationStore] currentAssemblyLocation: /Users/morinagamasahiro/google-form/bin/Runner.Listener.dll
[2021-09-25 08:16:35Z INFO HostContext] Well known directory 'Bin': '/Users/morinagamasahiro/google-form/bin'
[2021-09-25 08:16:35Z INFO ConfigurationStore] binPath: /Users/morinagamasahiro/google-form/bin
[2021-09-25 08:16:35Z INFO HostContext] Well known directory 'Bin': '/Users/morinagamasahiro/google-form/bin'
[2021-09-25 08:16:35Z INFO HostContext] Well known directory 'Root': '/Users/morinagamasahiro/google-form'
[2021-09-25 08:16:35Z INFO ConfigurationStore] RootFolder: /Users/morinagamasahiro/google-form
[2021-09-25 08:16:35Z INFO HostContext] Well known directory 'Bin': '/Users/morinagamasahiro/google-form/bin'
[2021-09-25 08:16:35Z INFO HostContext] Well known directory 'Root': '/Users/morinagamasahiro/google-form'
[2021-09-25 08:16:35Z INFO HostContext] Well known config file 'Runner': '/Users/morinagamasahiro/google-form/.runner'
[2021-09-25 08:16:35Z INFO ConfigurationStore] ConfigFilePath: /Users/morinagamasahiro/google-form/.runner
[2021-09-25 08:16:35Z INFO HostContext] Well known directory 'Bin': '/Users/morinagamasahiro/google-form/bin'
[2021-09-25 08:16:35Z INFO HostContext] Well known directory 'Root': '/Users/morinagamasahiro/google-form'
[2021-09-25 08:16:35Z INFO HostContext] Well known config file 'Credentials': '/Users/morinagamasahiro/google-form/.credentials'
[2021-09-25 08:16:35Z INFO ConfigurationStore] CredFilePath: /Users/morinagamasahiro/google-form/.credentials
[2021-09-25 08:16:35Z INFO HostContext] Well known directory 'Bin': '/Users/morinagamasahiro/google-form/bin'
[2021-09-25 08:16:35Z INFO HostContext] Well known directory 'Root': '/Users/morinagamasahiro/google-form'
[2021-09-25 08:16:35Z INFO HostContext] Well known config file 'MigratedCredentials': '/Users/morinagamasahiro/google-form/.credentials_migrated'
[2021-09-25 08:16:35Z INFO ConfigurationStore] MigratedCredFilePath: /Users/morinagamasahiro/google-form/.credentials_migrated
[2021-09-25 08:16:35Z INFO HostContext] Well known directory 'Bin': '/Users/morinagamasahiro/google-form/bin'
[2021-09-25 08:16:35Z INFO HostContext] Well known directory 'Root': '/Users/morinagamasahiro/google-form'
[2021-09-25 08:16:35Z INFO HostContext] Well known config file 'Service': '/Users/morinagamasahiro/google-form/.service'
[2021-09-25 08:16:35Z INFO ConfigurationStore] ServiceConfigFilePath: /Users/morinagamasahiro/google-form/.service
[2021-09-25 08:16:35Z INFO CommandSettings] Flag 'help': 'False'
[2021-09-25 08:16:35Z INFO CommandSettings] Flag 'version': 'False'
[2021-09-25 08:16:35Z INFO CommandSettings] Flag 'commit': 'False'
[2021-09-25 08:16:35Z INFO CommandSettings] Flag 'check': 'False'
[2021-09-25 08:16:35Z INFO CommandSettings] Command 'configure': 'True'
[2021-09-25 08:16:35Z INFO Terminal] WRITE LINE: 
[2021-09-25 08:16:35Z INFO Terminal] WRITE LINE: --------------------------------------------------------------------------------
[2021-09-25 08:16:35Z INFO Terminal] WRITE LINE: |        ____ _ _   _   _       _          _        _   _                      |
[2021-09-25 08:16:35Z INFO Terminal] WRITE LINE: |       / ___(_) |_| | | |_   _| |__      / \   ___| |_(_) ___  _ __  ___      |
[2021-09-25 08:16:35Z INFO Terminal] WRITE LINE: |      | |  _| | __| |_| | | | | '_ \    / _ \ / __| __| |/ _ \| '_ \/ __|     |
[2021-09-25 08:16:35Z INFO Terminal] WRITE LINE: |      | |_| | | |_|  _  | |_| | |_) |  / ___ \ (__| |_| | (_) | | | \__ \     |
[2021-09-25 08:16:35Z INFO Terminal] WRITE LINE: |       \____|_|\__|_| |_|\__,_|_.__/  /_/   \_\___|\__|_|\___/|_| |_|___/     |
[2021-09-25 08:16:35Z INFO Terminal] WRITE LINE: |                                                                              |
[2021-09-25 08:16:35Z INFO Terminal] WRITE: |                       
[2021-09-25 08:16:35Z INFO Terminal] WRITE: Self-hosted runner registration
[2021-09-25 08:16:35Z INFO Terminal] WRITE LINE:                         |
[2021-09-25 08:16:35Z INFO Terminal] WRITE LINE: |                                                                              |
[2021-09-25 08:16:35Z INFO Terminal] WRITE LINE: --------------------------------------------------------------------------------
[2021-09-25 08:16:35Z INFO ConfigurationManager] ConfigureAsync
[2021-09-25 08:16:35Z INFO ConfigurationStore] IsConfigured()
[2021-09-25 08:16:35Z INFO ConfigurationStore] IsConfigured: False
[2021-09-25 08:16:35Z INFO ConfigurationManager] Is configured: False
[2021-09-25 08:16:35Z INFO CommandSettings] Arg 'url': 'https://github.com/tetsu-tech/google-form'
[2021-09-25 08:16:35Z INFO CommandSettings] Remove url from Arg dictionary.
[2021-09-25 08:16:35Z INFO CommandSettings] Arg 'token': '***'
[2021-09-25 08:16:35Z INFO CommandSettings] Remove token from Arg dictionary.
[2021-09-25 08:16:36Z INFO ConfigurationManager] Http response code: OK from 'POST https://api.github.com/actions/runner-registration'
[2021-09-25 08:16:36Z INFO ConfigurationManager] cred retrieved via GitHub auth
[2021-09-25 08:16:36Z INFO RunnerServer] Establish connection with 100 seconds timeout.
[2021-09-25 08:16:36Z INFO GitHubActionsService] Starting operation Location.GetConnectionData
[2021-09-25 08:16:36Z INFO RunnerServer] Establish connection with 60 seconds timeout.
[2021-09-25 08:16:36Z INFO GitHubActionsService] Starting operation Location.GetConnectionData
[2021-09-25 08:16:36Z INFO RunnerServer] Establish connection with 60 seconds timeout.
[2021-09-25 08:16:36Z INFO GitHubActionsService] Starting operation Location.GetConnectionData
[2021-09-25 08:16:37Z INFO GitHubActionsService] Finished operation Location.GetConnectionData
[2021-09-25 08:16:37Z INFO GitHubActionsService] Finished operation Location.GetConnectionData
[2021-09-25 08:16:37Z INFO GitHubActionsService] Finished operation Location.GetConnectionData
[2021-09-25 08:16:37Z INFO Terminal] WRITE LINE: 
[2021-09-25 08:16:37Z INFO ConfigurationManager] Test Connection complete.
[2021-09-25 08:16:37Z INFO HostContext] Well known directory 'Bin': '/Users/morinagamasahiro/google-form/bin'
[2021-09-25 08:16:37Z INFO HostContext] Well known directory 'Root': '/Users/morinagamasahiro/google-form'
[2021-09-25 08:16:37Z INFO HostContext] Well known config file 'RSACredentials': '/Users/morinagamasahiro/google-form/.credentials_rsaparams'
[2021-09-25 08:16:37Z INFO RSAFileKeyManager] Found existing RSA key parameters file /Users/morinagamasahiro/google-form/.credentials_rsaparams
[2021-09-25 08:16:37Z INFO CommandSettings] Arg 'runnergroup': ''
[2021-09-25 08:16:37Z INFO CommandSettings] Flag 'unattended': 'False'
[2021-09-25 08:16:37Z INFO PromptManager] ReadValue
[2021-09-25 08:16:37Z INFO Terminal] WRITE: Enter the name of the runner group to add this runner to: 
[2021-09-25 08:16:37Z INFO Terminal] WRITE: [press Enter for Default] 
[2021-09-25 08:16:37Z INFO Terminal] READ LINE
[2021-09-25 08:16:38Z INFO Terminal] Read value: ''
[2021-09-25 08:16:38Z INFO PromptManager] Falling back to the default: 'Default'
[2021-09-25 08:16:38Z INFO Terminal] WRITE LINE: 
[2021-09-25 08:16:38Z INFO ConfigurationManager] Found a self-hosted runner group with id 1 and name Default
[2021-09-25 08:16:38Z INFO CommandSettings] Flag 'ephemeral': 'False'
[2021-09-25 08:16:38Z INFO CommandSettings] Arg 'name': ''
[2021-09-25 08:16:38Z INFO CommandSettings] Flag 'unattended': 'False'
[2021-09-25 08:16:38Z INFO PromptManager] ReadValue
[2021-09-25 08:16:38Z INFO Terminal] WRITE: Enter the name of runner: 
[2021-09-25 08:16:38Z INFO Terminal] WRITE: [press Enter for morinagamasahiro-2] 
[2021-09-25 08:16:38Z INFO Terminal] READ LINE
[2021-09-25 08:17:32Z INFO Terminal] Read value: ''
[2021-09-25 08:17:32Z INFO PromptManager] Falling back to the default: 'morinagamasahiro-2'
[2021-09-25 08:17:32Z INFO Terminal] WRITE LINE: 
[2021-09-25 08:17:32Z INFO CommandSettings] Arg 'labels': ''
[2021-09-25 08:17:32Z INFO CommandSettings] Flag 'unattended': 'False'
[2021-09-25 08:17:32Z INFO PromptManager] ReadValue
[2021-09-25 08:17:32Z INFO Terminal] WRITE: This runner will have the following labels: 'self-hosted', 'macOS', 'X64' 
Enter any additional labels (ex. label-1,label-2): 
[2021-09-25 08:17:32Z INFO Terminal] WRITE: [press Enter to skip] 
[2021-09-25 08:17:32Z INFO Terminal] READ LINE
[2021-09-25 08:17:45Z INFO Terminal] Read value: ''
[2021-09-25 08:17:45Z INFO Terminal] WRITE LINE: 
[2021-09-25 08:17:46Z INFO ConfigurationStore] Saving OAuth credential @ /Users/morinagamasahiro/google-form/.credentials
[2021-09-25 08:17:46Z INFO ConfigurationStore] Credentials Saved.
[2021-09-25 08:17:46Z INFO ConfigurationStore] HasCredentials()
[2021-09-25 08:17:46Z INFO ConfigurationStore] stored True
[2021-09-25 08:17:46Z INFO CredentialManager] GetCredentialProvider
[2021-09-25 08:17:46Z INFO CredentialManager] Creating type OAuth
[2021-09-25 08:17:46Z INFO CredentialManager] Creating credential type: OAuth
[2021-09-25 08:17:46Z INFO RSAFileKeyManager] Loading RSA key parameters from file /Users/morinagamasahiro/google-form/.credentials_rsaparams
[2021-09-25 08:17:46Z INFO RunnerServer] Establish connection with 100 seconds timeout.
[2021-09-25 08:17:46Z INFO GitHubActionsService] Starting operation Location.GetConnectionData
[2021-09-25 08:17:46Z INFO RunnerServer] Establish connection with 60 seconds timeout.
[2021-09-25 08:17:46Z INFO GitHubActionsService] Starting operation Location.GetConnectionData
[2021-09-25 08:17:46Z INFO RunnerServer] Establish connection with 60 seconds timeout.
[2021-09-25 08:17:46Z INFO GitHubActionsService] Starting operation Location.GetConnectionData
[2021-09-25 08:17:46Z INFO GitHubActionsService] Finished operation Location.GetConnectionData
[2021-09-25 08:17:46Z INFO GitHubActionsService] Finished operation Location.GetConnectionData
[2021-09-25 08:17:47Z INFO GitHubActionsService] Finished operation Location.GetConnectionData
[2021-09-25 08:17:47Z WARN GitHubActionsService] Authentication failed with status code 401.
WWW-Authenticate: Bearer
Strict-Transport-Security: max-age=2592000
X-TFS-ProcessId: a3cf48b2-866d-4aaf-8318-e0f3eb7297cf
ActivityId: 5a65fed9-839d-498e-b6a3-8d96bf4af733
X-TFS-Session: e232f749-f200-45e7-a2e0-ca162140951a
X-VSS-E2EID: 8aa4ca1b-bb9d-4e28-80a2-3f159c3f1f71
X-VSS-SenderDeploymentId: 1139089e-89fd-ce7a-6851-1ac6328a300e
X-TFS-ServiceError: The+user+%27System%3aPublicAccess%3baaaaaaaa-aaaa-aaaa-aaaa-aaaaaaaaaaaa%27+is+not+authorized+to+access+this+resource.
X-VSS-S2STargetService: 0000005A-0000-8888-8000-000000000000/visualstudio.com
X-Cache: CONFIG_NOCACHE
X-MSEdge-Ref: Ref A: 9F0C72D31C34493EBEA0B805CB4B3A3E Ref B: TYBEDGE0919 Ref C: 2021-09-25T08:17:47Z
Date: Sat, 25 Sep 2021 08:17:46 GMT

[2021-09-25 08:17:47Z INFO RSAFileKeyManager] Loading RSA key parameters from file /Users/morinagamasahiro/google-form/.credentials_rsaparams
[2021-09-25 08:17:47Z INFO RSAFileKeyManager] Loading RSA key parameters from file /Users/morinagamasahiro/google-form/.credentials_rsaparams
[2021-09-25 08:17:48Z INFO GitHubActionsService] AAD Correlation ID for this token request: Unknown
[2021-09-25 08:17:48Z INFO CommandSettings] Arg 'work': ''
[2021-09-25 08:17:48Z INFO CommandSettings] Flag 'unattended': 'False'
[2021-09-25 08:17:48Z INFO PromptManager] ReadValue
[2021-09-25 08:17:48Z INFO Terminal] WRITE: Enter name of work folder: 
[2021-09-25 08:17:48Z INFO Terminal] WRITE: [press Enter for _work] 
[2021-09-25 08:17:48Z INFO Terminal] READ LINE
[2021-09-25 08:17:55Z INFO Terminal] Read value: ''
[2021-09-25 08:17:55Z INFO PromptManager] Falling back to the default: '_work'
[2021-09-25 08:17:55Z INFO ConfigurationStore] Saving runner settings.
[2021-09-25 08:17:55Z INFO ConfigurationStore] Settings Saved.
[2021-09-25 08:17:55Z INFO Terminal] WRITE LINE: 
[2021-09-25 08:17:55Z INFO Terminal] WRITE LINE: 
[2021-09-25 08:17:55Z INFO OsxServiceControlManager] Service name 'actions.runner.tetsu-tech-google-form.morinagamasahiro-2' display name 'GitHub Actions Runner (tetsu-tech-google-form.morinagamasahiro-2)' will be used for service configuration.
[2021-09-25 08:17:55Z INFO HostContext] Well known directory 'Bin': '/Users/morinagamasahiro/google-form/bin'
[2021-09-25 08:17:55Z INFO HostContext] Well known directory 'Root': '/Users/morinagamasahiro/google-form'
[2021-09-25 08:17:55Z INFO HostContext] Well known directory 'Bin': '/Users/morinagamasahiro/google-form/bin'
[2021-09-25 08:17:55Z INFO HostContext] Well known directory 'Bin': '/Users/morinagamasahiro/google-form/bin'
[2021-09-25 08:17:55Z INFO HostContext] Well known directory 'Root': '/Users/morinagamasahiro/google-form'
[2021-09-25 08:17:55Z INFO UnixUtil] Which: 'chmod'
[2021-09-25 08:17:55Z INFO UnixUtil] Location: '/bin/chmod'
[2021-09-25 08:17:55Z INFO UnixUtil] Running /bin/chmod 755 "/Users/morinagamasahiro/google-form/svc.sh"
[2021-09-25 08:17:55Z INFO ProcessInvokerWrapper] Starting process:
[2021-09-25 08:17:55Z INFO ProcessInvokerWrapper]   File name: '/bin/chmod'
[2021-09-25 08:17:55Z INFO ProcessInvokerWrapper]   Arguments: '755 "/Users/morinagamasahiro/google-form/svc.sh"'
[2021-09-25 08:17:55Z INFO ProcessInvokerWrapper]   Working directory: '/Users/morinagamasahiro/google-form'
[2021-09-25 08:17:55Z INFO ProcessInvokerWrapper]   Require exit code zero: 'True'
[2021-09-25 08:17:55Z INFO ProcessInvokerWrapper]   Encoding web name:  ; code page: ''
[2021-09-25 08:17:55Z INFO ProcessInvokerWrapper]   Force kill process on cancellation: 'False'
[2021-09-25 08:17:55Z INFO ProcessInvokerWrapper]   Redirected STDIN: 'False'
[2021-09-25 08:17:55Z INFO ProcessInvokerWrapper]   Persist current code page: 'False'
[2021-09-25 08:17:55Z INFO ProcessInvokerWrapper]   Keep redirected STDIN open: 'False'
[2021-09-25 08:17:55Z INFO ProcessInvokerWrapper]   High priority process: 'False'
[2021-09-25 08:17:55Z INFO ProcessInvokerWrapper] Process started with process id 98661, waiting for process exit.
[2021-09-25 08:17:55Z INFO ProcessInvokerWrapper] STDOUT/STDERR stream read finished.
[2021-09-25 08:17:55Z INFO ProcessInvokerWrapper] STDOUT/STDERR stream read finished.
[2021-09-25 08:17:55Z INFO ProcessInvokerWrapper] Finished process 98661 with exit code 0, and elapsed time 00:00:00.0150210.
[2021-09-25 08:17:55Z INFO Listener] Runner execution has finished with return code 0
