[2021-09-25 08:16:05Z INFO HostContext] No proxy settings were found based on environmental variables (http_proxy/https_proxy/HTTP_PROXY/HTTPS_PROXY)
[2021-09-25 08:16:05Z INFO HostContext] Well known directory 'Bin': '/Users/morinagamasahiro/google-form/bin'
[2021-09-25 08:16:05Z INFO HostContext] Well known directory 'Root': '/Users/morinagamasahiro/google-form'
[2021-09-25 08:16:05Z INFO HostContext] Well known config file 'Credentials': '/Users/morinagamasahiro/google-form/.credentials'
[2021-09-25 08:16:05Z INFO Listener] Runner is built for OSX (X64) - osx-x64.
[2021-09-25 08:16:05Z INFO Listener] RuntimeInformation: Darwin 19.6.0 Darwin Kernel Version 19.6.0: Thu Oct 29 22:56:45 PDT 2020; root:xnu-6153.141.2.2~1/RELEASE_X86_64.
[2021-09-25 08:16:05Z INFO Listener] Version: 2.283.1
[2021-09-25 08:16:05Z INFO Listener] Commit: e6baf0d2755bc747d0eb58f24941e273d16c6524
[2021-09-25 08:16:05Z INFO Listener] Culture: ja-JP
[2021-09-25 08:16:05Z INFO Listener] UI Culture: ja-JP
[2021-09-25 08:16:05Z INFO HostContext] Well known directory 'Bin': '/Users/morinagamasahiro/google-form/bin'
[2021-09-25 08:16:05Z INFO HostContext] Well known directory 'Root': '/Users/morinagamasahiro/google-form'
[2021-09-25 08:16:05Z INFO Listener] Validating directory permissions for: '/Users/morinagamasahiro/google-form'
[2021-09-25 08:16:05Z INFO CommandLineParser] Parse
[2021-09-25 08:16:05Z INFO CommandLineParser] Parsing 5 args
[2021-09-25 08:16:05Z INFO CommandLineParser] parsing argument
[2021-09-25 08:16:05Z INFO CommandLineParser] HasArgs: False
[2021-09-25 08:16:05Z INFO CommandLineParser] Adding Command: configure
[2021-09-25 08:16:05Z INFO CommandLineParser] parsing argument
[2021-09-25 08:16:05Z INFO CommandLineParser] HasArgs: True
[2021-09-25 08:16:05Z INFO CommandLineParser] arg: url
[2021-09-25 08:16:05Z INFO CommandLineParser] parsing argument
[2021-09-25 08:16:05Z INFO CommandLineParser] HasArgs: True
[2021-09-25 08:16:05Z INFO CommandLineParser] Adding option 'url': 'https://github.com/tetsu-tech/google-form'
[2021-09-25 08:16:05Z INFO CommandLineParser] parsing argument
[2021-09-25 08:16:05Z INFO CommandLineParser] HasArgs: True
[2021-09-25 08:16:05Z INFO CommandLineParser] arg: token
[2021-09-25 08:16:05Z INFO CommandLineParser] parsing argument
[2021-09-25 08:16:05Z INFO CommandLineParser] HasArgs: True
[2021-09-25 08:16:05Z INFO CommandLineParser] Adding option 'token': '***'
[2021-09-25 08:16:05Z INFO Listener] Arguments parsed
[2021-09-25 08:16:05Z INFO Runner] ExecuteCommand
[2021-09-25 08:16:05Z INFO ConfigurationStore] currentAssemblyLocation: /Users/morinagamasahiro/google-form/bin/Runner.Listener.dll
[2021-09-25 08:16:05Z INFO HostContext] Well known directory 'Bin': '/Users/morinagamasahiro/google-form/bin'
[2021-09-25 08:16:05Z INFO ConfigurationStore] binPath: /Users/morinagamasahiro/google-form/bin
[2021-09-25 08:16:05Z INFO HostContext] Well known directory 'Bin': '/Users/morinagamasahiro/google-form/bin'
[2021-09-25 08:16:05Z INFO HostContext] Well known directory 'Root': '/Users/morinagamasahiro/google-form'
[2021-09-25 08:16:05Z INFO ConfigurationStore] RootFolder: /Users/morinagamasahiro/google-form
[2021-09-25 08:16:05Z INFO HostContext] Well known directory 'Bin': '/Users/morinagamasahiro/google-form/bin'
[2021-09-25 08:16:05Z INFO HostContext] Well known directory 'Root': '/Users/morinagamasahiro/google-form'
[2021-09-25 08:16:05Z INFO HostContext] Well known config file 'Runner': '/Users/morinagamasahiro/google-form/.runner'
[2021-09-25 08:16:05Z INFO ConfigurationStore] ConfigFilePath: /Users/morinagamasahiro/google-form/.runner
[2021-09-25 08:16:05Z INFO HostContext] Well known directory 'Bin': '/Users/morinagamasahiro/google-form/bin'
[2021-09-25 08:16:05Z INFO HostContext] Well known directory 'Root': '/Users/morinagamasahiro/google-form'
[2021-09-25 08:16:05Z INFO HostContext] Well known config file 'Credentials': '/Users/morinagamasahiro/google-form/.credentials'
[2021-09-25 08:16:05Z INFO ConfigurationStore] CredFilePath: /Users/morinagamasahiro/google-form/.credentials
[2021-09-25 08:16:05Z INFO HostContext] Well known directory 'Bin': '/Users/morinagamasahiro/google-form/bin'
[2021-09-25 08:16:05Z INFO HostContext] Well known directory 'Root': '/Users/morinagamasahiro/google-form'
[2021-09-25 08:16:05Z INFO HostContext] Well known config file 'MigratedCredentials': '/Users/morinagamasahiro/google-form/.credentials_migrated'
[2021-09-25 08:16:05Z INFO ConfigurationStore] MigratedCredFilePath: /Users/morinagamasahiro/google-form/.credentials_migrated
[2021-09-25 08:16:05Z INFO HostContext] Well known directory 'Bin': '/Users/morinagamasahiro/google-form/bin'
[2021-09-25 08:16:05Z INFO HostContext] Well known directory 'Root': '/Users/morinagamasahiro/google-form'
[2021-09-25 08:16:05Z INFO HostContext] Well known config file 'Service': '/Users/morinagamasahiro/google-form/.service'
[2021-09-25 08:16:05Z INFO ConfigurationStore] ServiceConfigFilePath: /Users/morinagamasahiro/google-form/.service
[2021-09-25 08:16:05Z INFO CommandSettings] Flag 'help': 'False'
[2021-09-25 08:16:05Z INFO CommandSettings] Flag 'version': 'False'
[2021-09-25 08:16:05Z INFO CommandSettings] Flag 'commit': 'False'
[2021-09-25 08:16:05Z INFO CommandSettings] Flag 'check': 'False'
[2021-09-25 08:16:05Z INFO CommandSettings] Command 'configure': 'True'
[2021-09-25 08:16:05Z INFO Terminal] WRITE LINE: 
[2021-09-25 08:16:05Z INFO Terminal] WRITE LINE: --------------------------------------------------------------------------------
[2021-09-25 08:16:05Z INFO Terminal] WRITE LINE: |        ____ _ _   _   _       _          _        _   _                      |
[2021-09-25 08:16:05Z INFO Terminal] WRITE LINE: |       / ___(_) |_| | | |_   _| |__      / \   ___| |_(_) ___  _ __  ___      |
[2021-09-25 08:16:05Z INFO Terminal] WRITE LINE: |      | |  _| | __| |_| | | | | '_ \    / _ \ / __| __| |/ _ \| '_ \/ __|     |
[2021-09-25 08:16:05Z INFO Terminal] WRITE LINE: |      | |_| | | |_|  _  | |_| | |_) |  / ___ \ (__| |_| | (_) | | | \__ \     |
[2021-09-25 08:16:05Z INFO Terminal] WRITE LINE: |       \____|_|\__|_| |_|\__,_|_.__/  /_/   \_\___|\__|_|\___/|_| |_|___/     |
[2021-09-25 08:16:05Z INFO Terminal] WRITE LINE: |                                                                              |
[2021-09-25 08:16:05Z INFO Terminal] WRITE: |                       
[2021-09-25 08:16:05Z INFO Terminal] WRITE: Self-hosted runner registration
[2021-09-25 08:16:05Z INFO Terminal] WRITE LINE:                         |
[2021-09-25 08:16:05Z INFO Terminal] WRITE LINE: |                                                                              |
[2021-09-25 08:16:05Z INFO Terminal] WRITE LINE: --------------------------------------------------------------------------------
[2021-09-25 08:16:05Z INFO ConfigurationManager] ConfigureAsync
[2021-09-25 08:16:05Z INFO ConfigurationStore] IsConfigured()
[2021-09-25 08:16:05Z INFO ConfigurationStore] IsConfigured: False
[2021-09-25 08:16:05Z INFO ConfigurationManager] Is configured: False
[2021-09-25 08:16:05Z INFO CommandSettings] Arg 'url': 'https://github.com/tetsu-tech/google-form'
[2021-09-25 08:16:05Z INFO CommandSettings] Remove url from Arg dictionary.
[2021-09-25 08:16:05Z INFO CommandSettings] Arg 'token': '***'
[2021-09-25 08:16:05Z INFO CommandSettings] Remove token from Arg dictionary.
[2021-09-25 08:16:06Z INFO ConfigurationManager] Http response code: OK from 'POST https://api.github.com/actions/runner-registration'
[2021-09-25 08:16:06Z INFO ConfigurationManager] cred retrieved via GitHub auth
[2021-09-25 08:16:06Z INFO RunnerServer] Establish connection with 100 seconds timeout.
[2021-09-25 08:16:06Z INFO GitHubActionsService] Starting operation Location.GetConnectionData
[2021-09-25 08:16:06Z INFO RunnerServer] Establish connection with 60 seconds timeout.
[2021-09-25 08:16:06Z INFO GitHubActionsService] Starting operation Location.GetConnectionData
[2021-09-25 08:16:06Z INFO RunnerServer] Establish connection with 60 seconds timeout.
[2021-09-25 08:16:06Z INFO GitHubActionsService] Starting operation Location.GetConnectionData
[2021-09-25 08:16:08Z INFO GitHubActionsService] Finished operation Location.GetConnectionData
[2021-09-25 08:16:08Z INFO GitHubActionsService] Finished operation Location.GetConnectionData
[2021-09-25 08:16:08Z INFO GitHubActionsService] Finished operation Location.GetConnectionData
[2021-09-25 08:16:08Z INFO Terminal] WRITE LINE: 
[2021-09-25 08:16:08Z INFO ConfigurationManager] Test Connection complete.
[2021-09-25 08:16:08Z INFO HostContext] Well known directory 'Bin': '/Users/morinagamasahiro/google-form/bin'
[2021-09-25 08:16:08Z INFO HostContext] Well known directory 'Root': '/Users/morinagamasahiro/google-form'
[2021-09-25 08:16:08Z INFO HostContext] Well known config file 'RSACredentials': '/Users/morinagamasahiro/google-form/.credentials_rsaparams'
[2021-09-25 08:16:08Z INFO RSAFileKeyManager] Creating new RSA key using 2048-bit key length
[2021-09-25 08:16:08Z INFO RSAFileKeyManager] Successfully saved RSA key parameters to file /Users/morinagamasahiro/google-form/.credentials_rsaparams
[2021-09-25 08:16:08Z INFO RSAFileKeyManager] Which: 'chmod'
[2021-09-25 08:16:08Z INFO RSAFileKeyManager] Location: '/bin/chmod'
[2021-09-25 08:16:08Z INFO HostContext] Well known directory 'Bin': '/Users/morinagamasahiro/google-form/bin'
[2021-09-25 08:16:08Z INFO HostContext] Well known directory 'Root': '/Users/morinagamasahiro/google-form'
[2021-09-25 08:16:08Z INFO ProcessInvokerWrapper] Starting process:
[2021-09-25 08:16:08Z INFO ProcessInvokerWrapper]   File name: '/bin/chmod'
[2021-09-25 08:16:08Z INFO ProcessInvokerWrapper]   Arguments: '600 /Users/morinagamasahiro/google-form/.credentials_rsaparams'
[2021-09-25 08:16:08Z INFO ProcessInvokerWrapper]   Working directory: '/Users/morinagamasahiro/google-form'
[2021-09-25 08:16:08Z INFO ProcessInvokerWrapper]   Require exit code zero: 'False'
[2021-09-25 08:16:08Z INFO ProcessInvokerWrapper]   Encoding web name:  ; code page: ''
[2021-09-25 08:16:08Z INFO ProcessInvokerWrapper]   Force kill process on cancellation: 'False'
[2021-09-25 08:16:08Z INFO ProcessInvokerWrapper]   Redirected STDIN: 'False'
[2021-09-25 08:16:08Z INFO ProcessInvokerWrapper]   Persist current code page: 'False'
[2021-09-25 08:16:08Z INFO ProcessInvokerWrapper]   Keep redirected STDIN open: 'False'
[2021-09-25 08:16:08Z INFO ProcessInvokerWrapper]   High priority process: 'False'
[2021-09-25 08:16:08Z INFO ProcessInvokerWrapper] Process started with process id 98541, waiting for process exit.
[2021-09-25 08:16:08Z INFO ProcessInvokerWrapper] STDOUT/STDERR stream read finished.
[2021-09-25 08:16:08Z INFO ProcessInvokerWrapper] STDOUT/STDERR stream read finished.
[2021-09-25 08:16:08Z INFO ProcessInvokerWrapper] Finished process 98541 with exit code 0, and elapsed time 00:00:00.0144583.
[2021-09-25 08:16:08Z INFO RSAFileKeyManager] Successfully set permissions for RSA key parameters file /Users/morinagamasahiro/google-form/.credentials_rsaparams
[2021-09-25 08:16:09Z INFO CommandSettings] Arg 'runnergroup': ''
[2021-09-25 08:16:09Z INFO CommandSettings] Flag 'unattended': 'False'
[2021-09-25 08:16:09Z INFO PromptManager] ReadValue
[2021-09-25 08:16:09Z INFO Terminal] WRITE: Enter the name of the runner group to add this runner to: 
[2021-09-25 08:16:09Z INFO Terminal] WRITE: [press Enter for Default] 
[2021-09-25 08:16:09Z INFO Terminal] READ LINE
[2021-09-25 08:16:26Z INFO Terminal] Read value: 'google-form'
[2021-09-25 08:16:26Z INFO Terminal] WRITE LINE: 
[2021-09-25 08:16:26Z ERR  Runner] GitHub.DistributedTask.WebApi.TaskAgentPoolNotFoundException: Could not find any self-hosted runner group named "google-form".
   at GitHub.Runner.Listener.Configuration.ConfigurationManager.ConfigureAsync(CommandSettings command)
   at GitHub.Runner.Listener.Runner.ExecuteCommand(CommandSettings command)
[2021-09-25 08:16:26Z ERR  Terminal] WRITE ERROR: Could not find any self-hosted runner group named "google-form".
[2021-09-25 08:16:26Z INFO Listener] Runner execution has finished with return code 1
