[2021-09-25 08:18:17Z INFO HostContext] No proxy settings were found based on environmental variables (http_proxy/https_proxy/HTTP_PROXY/HTTPS_PROXY)
[2021-09-25 08:18:17Z INFO HostContext] Well known directory 'Bin': '/Users/morinagamasahiro/google-form/bin'
[2021-09-25 08:18:17Z INFO HostContext] Well known directory 'Root': '/Users/morinagamasahiro/google-form'
[2021-09-25 08:18:17Z INFO HostContext] Well known config file 'Credentials': '/Users/morinagamasahiro/google-form/.credentials'
[2021-09-25 08:18:18Z INFO Listener] Runner is built for OSX (X64) - osx-x64.
[2021-09-25 08:18:18Z INFO Listener] RuntimeInformation: Darwin 19.6.0 Darwin Kernel Version 19.6.0: Thu Oct 29 22:56:45 PDT 2020; root:xnu-6153.141.2.2~1/RELEASE_X86_64.
[2021-09-25 08:18:18Z INFO Listener] Version: 2.283.1
[2021-09-25 08:18:18Z INFO Listener] Commit: e6baf0d2755bc747d0eb58f24941e273d16c6524
[2021-09-25 08:18:18Z INFO Listener] Culture: ja-JP
[2021-09-25 08:18:18Z INFO Listener] UI Culture: ja-JP
[2021-09-25 08:18:18Z INFO HostContext] Well known directory 'Bin': '/Users/morinagamasahiro/google-form/bin'
[2021-09-25 08:18:18Z INFO HostContext] Well known directory 'Root': '/Users/morinagamasahiro/google-form'
[2021-09-25 08:18:18Z INFO Listener] Validating directory permissions for: '/Users/morinagamasahiro/google-form'
[2021-09-25 08:18:18Z INFO CommandLineParser] Parse
[2021-09-25 08:18:18Z INFO CommandLineParser] Parsing 1 args
[2021-09-25 08:18:18Z INFO CommandLineParser] parsing argument
[2021-09-25 08:18:18Z INFO CommandLineParser] HasArgs: False
[2021-09-25 08:18:18Z INFO CommandLineParser] Adding Command: run
[2021-09-25 08:18:18Z INFO Listener] Arguments parsed
[2021-09-25 08:18:18Z INFO Runner] ExecuteCommand
[2021-09-25 08:18:18Z INFO ConfigurationStore] currentAssemblyLocation: /Users/morinagamasahiro/google-form/bin/Runner.Listener.dll
[2021-09-25 08:18:18Z INFO HostContext] Well known directory 'Bin': '/Users/morinagamasahiro/google-form/bin'
[2021-09-25 08:18:18Z INFO ConfigurationStore] binPath: /Users/morinagamasahiro/google-form/bin
[2021-09-25 08:18:18Z INFO HostContext] Well known directory 'Bin': '/Users/morinagamasahiro/google-form/bin'
[2021-09-25 08:18:18Z INFO HostContext] Well known directory 'Root': '/Users/morinagamasahiro/google-form'
[2021-09-25 08:18:18Z INFO ConfigurationStore] RootFolder: /Users/morinagamasahiro/google-form
[2021-09-25 08:18:18Z INFO HostContext] Well known directory 'Bin': '/Users/morinagamasahiro/google-form/bin'
[2021-09-25 08:18:18Z INFO HostContext] Well known directory 'Root': '/Users/morinagamasahiro/google-form'
[2021-09-25 08:18:18Z INFO HostContext] Well known config file 'Runner': '/Users/morinagamasahiro/google-form/.runner'
[2021-09-25 08:18:18Z INFO ConfigurationStore] ConfigFilePath: /Users/morinagamasahiro/google-form/.runner
[2021-09-25 08:18:18Z INFO HostContext] Well known directory 'Bin': '/Users/morinagamasahiro/google-form/bin'
[2021-09-25 08:18:18Z INFO HostContext] Well known directory 'Root': '/Users/morinagamasahiro/google-form'
[2021-09-25 08:18:18Z INFO HostContext] Well known config file 'Credentials': '/Users/morinagamasahiro/google-form/.credentials'
[2021-09-25 08:18:18Z INFO ConfigurationStore] CredFilePath: /Users/morinagamasahiro/google-form/.credentials
[2021-09-25 08:18:18Z INFO HostContext] Well known directory 'Bin': '/Users/morinagamasahiro/google-form/bin'
[2021-09-25 08:18:18Z INFO HostContext] Well known directory 'Root': '/Users/morinagamasahiro/google-form'
[2021-09-25 08:18:18Z INFO HostContext] Well known config file 'MigratedCredentials': '/Users/morinagamasahiro/google-form/.credentials_migrated'
[2021-09-25 08:18:18Z INFO ConfigurationStore] MigratedCredFilePath: /Users/morinagamasahiro/google-form/.credentials_migrated
[2021-09-25 08:18:18Z INFO HostContext] Well known directory 'Bin': '/Users/morinagamasahiro/google-form/bin'
[2021-09-25 08:18:18Z INFO HostContext] Well known directory 'Root': '/Users/morinagamasahiro/google-form'
[2021-09-25 08:18:18Z INFO HostContext] Well known config file 'Service': '/Users/morinagamasahiro/google-form/.service'
[2021-09-25 08:18:18Z INFO ConfigurationStore] ServiceConfigFilePath: /Users/morinagamasahiro/google-form/.service
[2021-09-25 08:18:18Z INFO CommandSettings] Flag 'help': 'False'
[2021-09-25 08:18:18Z INFO CommandSettings] Flag 'version': 'False'
[2021-09-25 08:18:18Z INFO CommandSettings] Flag 'commit': 'False'
[2021-09-25 08:18:18Z INFO CommandSettings] Flag 'check': 'False'
[2021-09-25 08:18:18Z INFO CommandSettings] Command 'configure': 'False'
[2021-09-25 08:18:18Z INFO CommandSettings] Command 'remove': 'False'
[2021-09-25 08:18:18Z INFO CommandSettings] Command 'warmup': 'False'
[2021-09-25 08:18:18Z INFO ConfigurationManager] LoadSettings
[2021-09-25 08:18:18Z INFO ConfigurationStore] IsConfigured()
[2021-09-25 08:18:18Z INFO ConfigurationStore] IsConfigured: True
[2021-09-25 08:18:18Z INFO ConfigurationManager] Is configured: True
[2021-09-25 08:18:18Z INFO ConfigurationStore] Read setting file: 297 chars
[2021-09-25 08:18:18Z INFO ConfigurationManager] Settings Loaded
[2021-09-25 08:18:18Z INFO ConfigurationStore] IsServiceConfigured()
[2021-09-25 08:18:18Z INFO ConfigurationStore] IsServiceConfigured: False
[2021-09-25 08:18:18Z INFO CommandSettings] Command 'run': 'True'
[2021-09-25 08:18:18Z INFO ConfigurationStore] IsConfigured()
[2021-09-25 08:18:18Z INFO ConfigurationStore] IsConfigured: True
[2021-09-25 08:18:18Z INFO ConfigurationManager] Is configured: True
[2021-09-25 08:18:18Z INFO Runner] Could not parse the argument value '' for StartupType. Defaulting to Manual
[2021-09-25 08:18:18Z INFO Runner] Set runner startup type - Manual
[2021-09-25 08:18:18Z INFO CommandSettings] Flag 'once': 'False'
[2021-09-25 08:18:18Z INFO Runner] RunAsync
[2021-09-25 08:18:18Z INFO ConfigurationManager] LoadSettings
[2021-09-25 08:18:18Z INFO ConfigurationStore] IsConfigured()
[2021-09-25 08:18:18Z INFO ConfigurationStore] IsConfigured: True
[2021-09-25 08:18:18Z INFO ConfigurationManager] Is configured: True
[2021-09-25 08:18:18Z INFO ConfigurationManager] Settings Loaded
[2021-09-25 08:18:18Z INFO MessageListener] {
  "AgentId": 3,
  "AgentName": "morinagamasahiro-2",
  "PoolId": 1,
  "PoolName": "Default",
  "ServerUrl": "https://pipelines.actions.githubusercontent.com/ZPWuuLyLRbgRe9LIXHUIiUXrw6Kd7LBslcvRCcHC82ilTzSLMM",
  "GitHubUrl": "https://github.com/tetsu-tech/google-form",
  "WorkFolder": "_work"
}
[2021-09-25 08:18:18Z INFO MessageListener] Loading Credentials
[2021-09-25 08:18:18Z INFO ConfigurationStore] HasCredentials()
[2021-09-25 08:18:18Z INFO ConfigurationStore] stored True
[2021-09-25 08:18:18Z INFO CredentialManager] GetCredentialProvider
[2021-09-25 08:18:18Z INFO CredentialManager] Creating type OAuth
[2021-09-25 08:18:18Z INFO CredentialManager] Creating credential type: OAuth
[2021-09-25 08:18:18Z INFO HostContext] Well known directory 'Bin': '/Users/morinagamasahiro/google-form/bin'
[2021-09-25 08:18:18Z INFO HostContext] Well known directory 'Root': '/Users/morinagamasahiro/google-form'
[2021-09-25 08:18:18Z INFO HostContext] Well known config file 'RSACredentials': '/Users/morinagamasahiro/google-form/.credentials_rsaparams'
[2021-09-25 08:18:18Z INFO RSAFileKeyManager] Loading RSA key parameters from file /Users/morinagamasahiro/google-form/.credentials_rsaparams
[2021-09-25 08:18:18Z INFO MessageListener] Attempt to create session.
[2021-09-25 08:18:18Z INFO MessageListener] Connecting to the Runner Server...
[2021-09-25 08:18:18Z INFO RunnerServer] Establish connection with 100 seconds timeout.
[2021-09-25 08:18:18Z INFO GitHubActionsService] Starting operation Location.GetConnectionData
[2021-09-25 08:18:18Z INFO RunnerServer] Establish connection with 60 seconds timeout.
[2021-09-25 08:18:18Z INFO GitHubActionsService] Starting operation Location.GetConnectionData
[2021-09-25 08:18:18Z INFO RunnerServer] Establish connection with 60 seconds timeout.
[2021-09-25 08:18:18Z INFO GitHubActionsService] Starting operation Location.GetConnectionData
[2021-09-25 08:18:18Z INFO GitHubActionsService] Finished operation Location.GetConnectionData
[2021-09-25 08:18:19Z INFO GitHubActionsService] Finished operation Location.GetConnectionData
[2021-09-25 08:18:19Z INFO GitHubActionsService] Finished operation Location.GetConnectionData
[2021-09-25 08:18:19Z INFO MessageListener] VssConnection created
[2021-09-25 08:18:19Z INFO Terminal] WRITE LINE: 
[2021-09-25 08:18:19Z INFO Terminal] WRITE LINE: 
[2021-09-25 08:18:19Z WARN GitHubActionsService] Authentication failed with status code 401.
Transfer-Encoding: chunked
WWW-Authenticate: Bearer
Strict-Transport-Security: max-age=2592000
X-TFS-ProcessId: 5797afa4-397a-48a0-820f-78ac29be7c93
ActivityId: 1e3da8bf-892f-4755-9d50-53197ce88b53
X-TFS-Session: 980a151a-3f02-40c8-8b12-a5fb8594194a
X-VSS-E2EID: 7892f527-1bd9-4159-8767-8a2c6a469d9c
X-VSS-SenderDeploymentId: 1139089e-89fd-ce7a-6851-1ac6328a300e
X-TFS-ServiceError: The+user+%27System%3aPublicAccess%3baaaaaaaa-aaaa-aaaa-aaaa-aaaaaaaaaaaa%27+is+not+authorized+to+access+this+resource.
X-VSS-S2STargetService: 0000005A-0000-8888-8000-000000000000/visualstudio.com
X-Cache: CONFIG_NOCACHE
X-MSEdge-Ref: Ref A: 54DA9AE27DB642409EE2A3E0DC4823BC Ref B: TYBEDGE0806 Ref C: 2021-09-25T08:18:19Z
Date: Sat, 25 Sep 2021 08:18:18 GMT

[2021-09-25 08:18:19Z INFO RSAFileKeyManager] Loading RSA key parameters from file /Users/morinagamasahiro/google-form/.credentials_rsaparams
[2021-09-25 08:18:19Z INFO RSAFileKeyManager] Loading RSA key parameters from file /Users/morinagamasahiro/google-form/.credentials_rsaparams
[2021-09-25 08:18:19Z INFO GitHubActionsService] AAD Correlation ID for this token request: Unknown
[2021-09-25 08:18:19Z INFO MessageListener] Session created.
[2021-09-25 08:18:19Z INFO Terminal] WRITE LINE: 2021-09-25 08:18:19Z: Listening for Jobs
[2021-09-25 08:18:19Z INFO JobDispatcher] Set runner/worker IPC timeout to 30 seconds.
[2021-09-25 08:23:41Z INFO RSAFileKeyManager] Loading RSA key parameters from file /Users/morinagamasahiro/google-form/.credentials_rsaparams
[2021-09-25 08:23:41Z INFO MessageListener] Message '1' received from session 'ccd8c7c6-1f54-4b1c-8e08-2171b23ce866'.
[2021-09-25 08:23:42Z INFO JobDispatcher] Job request 5 for plan afafb6e3-7793-41c3-bd60-fe47a9bf8618 job ca395085-040a-526b-2ce8-bdc85f692774 received.
[2021-09-25 08:23:42Z INFO JobDispatcher] Pull OrchestrationId afafb6e3-7793-41c3-bd60-fe47a9bf8618.build.__default from JWT claims
[2021-09-25 08:23:42Z INFO Terminal] WRITE LINE: 2021-09-25 08:23:42Z: Running job: Build
[2021-09-25 08:23:42Z INFO JobDispatcher] Start renew job request 5 for job ca395085-040a-526b-2ce8-bdc85f692774.
[2021-09-25 08:23:42Z INFO JobDispatcher] Successfully renew job request 5, job is valid till 2021/09/25 8:33:42
[2021-09-25 08:23:42Z INFO HostContext] Well known directory 'Bin': '/Users/morinagamasahiro/google-form/bin'
[2021-09-25 08:23:42Z INFO ProcessInvokerWrapper] Starting process:
[2021-09-25 08:23:42Z INFO ProcessInvokerWrapper]   File name: '/Users/morinagamasahiro/google-form/bin/Runner.Worker'
[2021-09-25 08:23:42Z INFO ProcessInvokerWrapper]   Arguments: 'spawnclient 99 102'
[2021-09-25 08:23:42Z INFO ProcessInvokerWrapper]   Working directory: '/Users/morinagamasahiro/google-form/bin'
[2021-09-25 08:23:42Z INFO ProcessInvokerWrapper]   Require exit code zero: 'False'
[2021-09-25 08:23:42Z INFO ProcessInvokerWrapper]   Encoding web name:  ; code page: ''
[2021-09-25 08:23:42Z INFO ProcessInvokerWrapper]   Force kill process on cancellation: 'True'
[2021-09-25 08:23:42Z INFO ProcessInvokerWrapper]   Redirected STDIN: 'False'
[2021-09-25 08:23:42Z INFO ProcessInvokerWrapper]   Persist current code page: 'False'
[2021-09-25 08:23:42Z INFO ProcessInvokerWrapper]   Keep redirected STDIN open: 'False'
[2021-09-25 08:23:42Z INFO ProcessInvokerWrapper]   High priority process: 'True'
[2021-09-25 08:23:42Z INFO ProcessInvokerWrapper] Process started with process id 99045, waiting for process exit.
[2021-09-25 08:23:42Z INFO JobDispatcher] Send job request message to worker for job ca395085-040a-526b-2ce8-bdc85f692774.
[2021-09-25 08:23:42Z INFO ProcessChannel] Sending message of length 20653, with hash '7298647031934f6be328cf610c9104c1204fa3b011d2fc1717d19406b4bec7a4'
[2021-09-25 08:23:42Z INFO JobNotification] Entering JobStarted Notification
[2021-09-25 08:23:42Z INFO JobNotification] Entering StartMonitor
[2021-09-25 08:23:47Z INFO ProcessInvokerWrapper] STDOUT/STDERR stream read finished.
[2021-09-25 08:23:47Z INFO ProcessInvokerWrapper] STDOUT/STDERR stream read finished.
[2021-09-25 08:23:47Z INFO ProcessInvokerWrapper] Finished process 99045 with exit code 100, and elapsed time 00:00:04.6218442.
[2021-09-25 08:23:47Z INFO JobDispatcher] Worker finished for job ca395085-040a-526b-2ce8-bdc85f692774. Code: 100
[2021-09-25 08:23:47Z INFO JobDispatcher] finish job request for job ca395085-040a-526b-2ce8-bdc85f692774 with result: Succeeded
[2021-09-25 08:23:47Z INFO Terminal] WRITE LINE: 2021-09-25 08:23:47Z: Job Build completed with result: Succeeded
[2021-09-25 08:23:47Z INFO JobDispatcher] Stop renew job request for job ca395085-040a-526b-2ce8-bdc85f692774.
[2021-09-25 08:23:47Z INFO JobDispatcher] job renew has been canceled, stop renew job request 5.
[2021-09-25 08:23:47Z INFO JobNotification] Entering JobCompleted Notification
[2021-09-25 08:23:47Z INFO JobNotification] Entering EndMonitor
