[2021-09-25 08:23:43Z INFO HostContext] No proxy settings were found based on environmental variables (http_proxy/https_proxy/HTTP_PROXY/HTTPS_PROXY)
[2021-09-25 08:23:43Z INFO HostContext] Well known directory 'Bin': '/Users/morinagamasahiro/google-form/bin'
[2021-09-25 08:23:43Z INFO HostContext] Well known directory 'Root': '/Users/morinagamasahiro/google-form'
[2021-09-25 08:23:43Z INFO HostContext] Well known config file 'Credentials': '/Users/morinagamasahiro/google-form/.credentials'
[2021-09-25 08:23:43Z INFO Worker] Version: 2.283.1
[2021-09-25 08:23:43Z INFO Worker] Commit: e6baf0d2755bc747d0eb58f24941e273d16c6524
[2021-09-25 08:23:43Z INFO Worker] Culture: ja-JP
[2021-09-25 08:23:43Z INFO Worker] UI Culture: ja-JP
[2021-09-25 08:23:43Z INFO Worker] Waiting to receive the job message from the channel.
[2021-09-25 08:23:43Z INFO ProcessChannel] Receiving message of length 20653, with hash '7298647031934f6be328cf610c9104c1204fa3b011d2fc1717d19406b4bec7a4'
[2021-09-25 08:23:43Z INFO Worker] Message received.
[2021-09-25 08:23:43Z INFO Worker] Job message:
 {
  "fileTable": [
    ".github/workflows/github-actions.yml"
  ],
  "mask": [
    {
      "type": "regex",
      "value": "***"
    },
    {
      "type": "regex",
      "value": "***"
    },
    {
      "type": "regex",
      "value": "***"
    },
    {
      "type": "regex",
      "value": "***"
    },
    {
      "type": "regex",
      "value": "***"
    },
    {
      "type": "regex",
      "value": "***"
    },
    {
      "type": "regex",
      "value": "***"
    },
    {
      "type": "regex",
      "value": "***"
    },
    {
      "type": "regex",
      "value": "***"
    }
  ],
  "steps": [
    {
      "type": "action",
      "reference": {
        "type": "script"
      },
      "displayNameToken": {
        "type": 0,
        "file": 1,
        "line": 15,
        "col": 15,
        "lit": "Test1"
      },
      "contextName": "__run",
      "inputs": {
        "type": 2,
        "map": [
          {
            "key": "script",
            "value": {
              "type": 0,
              "file": 1,
              "line": 16,
              "col": 14,
              "lit": "echo \"Hello, World!\"\n"
            }
          }
        ]
      },
      "condition": "success()",
      "id": "dd23db01-cff6-57a4-373a-5c8097a97333",
      "name": "__run"
    }
  ],
  "variables": {
    "system.isScheduled": {
      "value": "False"
    },
    "system": {
      "value": "actions"
    },
    "system.hosttype": {
      "value": "actions"
    },
    "system.servertype": {
      "value": "Hosted"
    },
    "system.culture": {
      "value": "en-US"
    },
    "system.collectionId": {
      "value": "8c424c89-787f-4379-8d8e-3a26dbf728c5"
    },
    "system.collectionUri": {
      "value": "https://pipelines.actions.githubusercontent.com/ZPWuuLyLRbgRe9LIXHUIiUXrw6Kd7LBslcvRCcHC82ilTzSLMM/"
    },
    "system.taskDefinitionsUri": {
      "value": "https://pipelines.actions.githubusercontent.com/ZPWuuLyLRbgRe9LIXHUIiUXrw6Kd7LBslcvRCcHC82ilTzSLMM/"
    },
    "system.pipelineStartTime": {
      "value": "2021-09-25 08:23:40+00:00"
    },
    "system.definitionId": {
      "value": "3"
    },
    "system.runner.lowdiskspacethreshold": {
      "value": "100"
    },
    "DistributedTask.NewActionMetadata": {
      "value": "true"
    },
    "DistributedTask.EnableCompositeActions": {
      "value": "true"
    },
    "DistributedTask.EnhancedAnnotations": {
      "value": "true"
    },
    "system.teamProjectId": {
      "value": "00000000-0000-0000-0000-000000000000"
    },
    "build.buildId": {
      "value": "5"
    },
    "build.containerId": {
      "value": "299231"
    },
    "system.workflowFilePath": {
      "value": ".github/workflows/github-actions.yml"
    },
    "system.definitionName": {
      "value": "google-form"
    },
    "system.planId": {
      "value": "afafb6e3-7793-41c3-bd60-fe47a9bf8618"
    },
    "system.timelineId": {
      "value": "afafb6e3-7793-41c3-bd60-fe47a9bf8618"
    },
    "system.phaseDisplayName": {
      "value": "Build"
    },
    "system.phaseId": {
      "value": "6884a131-87da-5381-61f3-d7acc3b91d76"
    },
    "system.phaseName": {
      "value": "build"
    },
    "system.phaseAttempt": {
      "value": "1"
    },
    "system.jobIdentifier": {
      "value": "build.__default"
    },
    "system.jobAttempt": {
      "value": "1"
    },
    "System.JobPositionInPhase": {
      "value": "1"
    },
    "System.TotalJobsInPhase": {
      "value": "1"
    },
    "system.github.job": {
      "value": "build"
    },
    "system.jobDisplayName": {
      "value": "Build"
    },
    "system.jobId": {
      "value": "ca395085-040a-526b-2ce8-bdc85f692774"
    },
    "system.jobName": {
      "value": "__default"
    },
    "system.github.token.permissions": {
      "value": "{\"Actions\":\"write\",\"Checks\":\"write\",\"Contents\":\"write\",\"Deployments\":\"write\",\"Discussions\":\"write\",\"Issues\":\"write\",\"Metadata\":\"read\",\"Packages\":\"write\",\"PullRequests\":\"write\",\"RepositoryProjects\":\"write\",\"SecurityEvents\":\"write\",\"Statuses\":\"write\"}"
    },
    "system.github.token": {
      "value": "***",
      "isSecret": true
    },
    "system.runnerGroupName": {
      "value": "Default"
    }
  },
  "messageType": "PipelineAgentJobRequest",
  "plan": {
    "scopeIdentifier": "00000000-0000-0000-0000-000000000000",
    "planType": "Actions",
    "version": 18,
    "planId": "afafb6e3-7793-41c3-bd60-fe47a9bf8618",
    "planGroup": "Actions:00000000-0000-0000-0000-000000000000:1",
    "artifactUri": "vstfs:///Build/Build/5",
    "artifactLocation": null,
    "definition": {
      "_links": {},
      "id": 3,
      "name": "google-form"
    },
    "owner": {
      "_links": {},
      "id": 3,
      "name": "tetsu-tech"
    }
  },
  "timeline": {
    "id": "afafb6e3-7793-41c3-bd60-fe47a9bf8618",
    "changeId": 5,
    "location": null
  },
  "jobId": "ca395085-040a-526b-2ce8-bdc85f692774",
  "jobDisplayName": "Build",
  "jobName": "__default",
  "requestId": 5,
  "lockedUntil": "0001-01-01T00:00:00",
  "resources": {
    "endpoints": [
      {
        "data": {
          "ServerId": "8c424c89-787f-4379-8d8e-3a26dbf728c5",
          "ServerName": "ZPWuuLyLRbgRe9LIXHUIiUXrw6Kd7LBslcvRCcHC82ilTzSLMM",
          "CacheServerUrl": "https://artifactcache.actions.githubusercontent.com/ZPWuuLyLRbgRe9LIXHUIiUXrw6Kd7LBslcvRCcHC82ilTzSLMM/"
        },
        "name": "SystemVssConnection",
        "url": "https://pipelines.actions.githubusercontent.com/ZPWuuLyLRbgRe9LIXHUIiUXrw6Kd7LBslcvRCcHC82ilTzSLMM/",
        "authorization": {
          "parameters": {
            "AccessToken": ***
          },
          "scheme": "OAuth"
        },
        "isShared": false,
        "isReady": true
      }
    ]
  },
  "contextData": {
    "github": {
      "t": 2,
      "d": [
        {
          "k": "ref",
          "v": "refs/heads/feature/setting-github-actions"
        },
        {
          "k": "sha",
          "v": "58c14ce2b651bab332d959f6aabb5dbe58a1ddbc"
        },
        {
          "k": "repository",
          "v": "tetsu-tech/google-form"
        },
        {
          "k": "repository_owner",
          "v": "tetsu-tech"
        },
        {
          "k": "repositoryUrl",
          "v": "git://github.com/tetsu-tech/google-form.git"
        },
        {
          "k": "run_id",
          "v": "1272542020"
        },
        {
          "k": "run_number",
          "v": "9"
        },
        {
          "k": "retention_days",
          "v": "90"
        },
        {
          "k": "run_attempt",
          "v": "1"
        },
        {
          "k": "actor",
          "v": "mm-masahiro"
        },
        {
          "k": "workflow",
          "v": "Slack Notification"
        },
        {
          "k": "head_ref",
          "v": ""
        },
        {
          "k": "base_ref",
          "v": ""
        },
        {
          "k": "event_name",
          "v": "push"
        },
        {
          "k": "event",
          "v": {
            "t": 2,
            "d": [
              {
                "k": "after",
                "v": "58c14ce2b651bab332d959f6aabb5dbe58a1ddbc"
              },
              {
                "k": "base_ref",
                "v": null
              },
              {
                "k": "before",
                "v": "8471f5e5943aa6777d023ee1e52e2e5ec5cad324"
              },
              {
                "k": "commits",
                "v": {
                  "t": 1,
                  "a": [
                    {
                      "t": 2,
                      "d": [
                        {
                          "k": "author",
                          "v": {
                            "t": 2,
                            "d": [
                              {
                                "k": "email",
                                "v": "hand5.mm9.mzh@gmail.com"
                              },
                              {
                                "k": "name",
                                "v": "mm-masahiro"
                              },
                              {
                                "k": "username",
                                "v": "mm-masahiro"
                              }
                            ]
                          }
                        },
                        {
                          "k": "committer",
                          "v": {
                            "t": 2,
                            "d": [
                              {
                                "k": "email",
                                "v": "hand5.mm9.mzh@gmail.com"
                              },
                              {
                                "k": "name",
                                "v": "mm-masahiro"
                              },
                              {
                                "k": "username",
                                "v": "mm-masahiro"
                              }
                            ]
                          }
                        },
                        {
                          "k": "distinct",
                          "v": true
                        },
                        {
                          "k": "id",
                          "v": "58c14ce2b651bab332d959f6aabb5dbe58a1ddbc"
                        },
                        {
                          "k": "message",
                          "v": "introdude actions"
                        },
                        {
                          "k": "timestamp",
                          "v": "2021-09-25T17:23:29+09:00"
                        },
                        {
                          "k": "tree_id",
                          "v": "999035bb907b989aeebb078765c176e3c407635a"
                        },
                        {
                          "k": "url",
                          "v": "https://github.com/tetsu-tech/google-form/commit/58c14ce2b651bab332d959f6aabb5dbe58a1ddbc"
                        }
                      ]
                    }
                  ]
                }
              },
              {
                "k": "compare",
                "v": "https://github.com/tetsu-tech/google-form/compare/8471f5e5943a...58c14ce2b651"
              },
              {
                "k": "created",
                "v": false
              },
              {
                "k": "deleted",
                "v": false
              },
              {
                "k": "forced",
                "v": false
              },
              {
                "k": "head_commit",
                "v": {
                  "t": 2,
                  "d": [
                    {
                      "k": "author",
                      "v": {
                        "t": 2,
                        "d": [
                          {
                            "k": "email",
                            "v": "hand5.mm9.mzh@gmail.com"
                          },
                          {
                            "k": "name",
                            "v": "mm-masahiro"
                          },
                          {
                            "k": "username",
                            "v": "mm-masahiro"
                          }
                        ]
                      }
                    },
                    {
                      "k": "committer",
                      "v": {
                        "t": 2,
                        "d": [
                          {
                            "k": "email",
                            "v": "hand5.mm9.mzh@gmail.com"
                          },
                          {
                            "k": "name",
                            "v": "mm-masahiro"
                          },
                          {
                            "k": "username",
                            "v": "mm-masahiro"
                          }
                        ]
                      }
                    },
                    {
                      "k": "distinct",
                      "v": true
                    },
                    {
                      "k": "id",
                      "v": "58c14ce2b651bab332d959f6aabb5dbe58a1ddbc"
                    },
                    {
                      "k": "message",
                      "v": "introdude actions"
                    },
                    {
                      "k": "timestamp",
                      "v": "2021-09-25T17:23:29+09:00"
                    },
                    {
                      "k": "tree_id",
                      "v": "999035bb907b989aeebb078765c176e3c407635a"
                    },
                    {
                      "k": "url",
                      "v": "https://github.com/tetsu-tech/google-form/commit/58c14ce2b651bab332d959f6aabb5dbe58a1ddbc"
                    }
                  ]
                }
              },
              {
                "k": "organization",
                "v": {
                  "t": 2,
                  "d": [
                    {
                      "k": "avatar_url",
                      "v": "https://avatars.githubusercontent.com/u/62490801?v=4"
                    },
                    {
                      "k": "description",
                      "v": "ハッカソン用"
                    },
                    {
                      "k": "events_url",
                      "v": "https://api.github.com/orgs/tetsu-tech/events"
                    },
                    {
                      "k": "hooks_url",
                      "v": "https://api.github.com/orgs/tetsu-tech/hooks"
                    },
                    {
                      "k": "id",
                      "v": 62490801.0
                    },
                    {
                      "k": "issues_url",
                      "v": "https://api.github.com/orgs/tetsu-tech/issues"
                    },
                    {
                      "k": "login",
                      "v": "tetsu-tech"
                    },
                    {
                      "k": "members_url",
                      "v": "https://api.github.com/orgs/tetsu-tech/members{/member}"
                    },
                    {
                      "k": "node_id",
                      "v": "MDEyOk9yZ2FuaXphdGlvbjYyNDkwODAx"
                    },
                    {
                      "k": "public_members_url",
                      "v": "https://api.github.com/orgs/tetsu-tech/public_members{/member}"
                    },
                    {
                      "k": "repos_url",
                      "v": "https://api.github.com/orgs/tetsu-tech/repos"
                    },
                    {
                      "k": "url",
                      "v": "https://api.github.com/orgs/tetsu-tech"
                    }
                  ]
                }
              },
              {
                "k": "pusher",
                "v": {
                  "t": 2,
                  "d": [
                    {
                      "k": "email",
                      "v": "61375806+mm-masahiro@users.noreply.github.com"
                    },
                    {
                      "k": "name",
                      "v": "mm-masahiro"
                    }
                  ]
                }
              },
              {
                "k": "ref",
                "v": "refs/heads/feature/setting-github-actions"
              },
              {
                "k": "repository",
                "v": {
                  "t": 2,
                  "d": [
                    {
                      "k": "allow_forking",
                      "v": true
                    },
                    {
                      "k": "archive_url",
                      "v": "https://api.github.com/repos/tetsu-tech/google-form/{archive_format}{/ref}"
                    },
                    {
                      "k": "archived",
                      "v": false
                    },
                    {
                      "k": "assignees_url",
                      "v": "https://api.github.com/repos/tetsu-tech/google-form/assignees{/user}"
                    },
                    {
                      "k": "blobs_url",
                      "v": "https://api.github.com/repos/tetsu-tech/google-form/git/blobs{/sha}"
                    },
                    {
                      "k": "branches_url",
                      "v": "https://api.github.com/repos/tetsu-tech/google-form/branches{/branch}"
                    },
                    {
                      "k": "clone_url",
                      "v": "https://github.com/tetsu-tech/google-form.git"
                    },
                    {
                      "k": "collaborators_url",
                      "v": "https://api.github.com/repos/tetsu-tech/google-form/collaborators{/collaborator}"
                    },
                    {
                      "k": "comments_url",
                      "v": "https://api.github.com/repos/tetsu-tech/google-form/comments{/number}"
                    },
                    {
                      "k": "commits_url",
                      "v": "https://api.github.com/repos/tetsu-tech/google-form/commits{/sha}"
                    },
                    {
                      "k": "compare_url",
                      "v": "https://api.github.com/repos/tetsu-tech/google-form/compare/{base}...{head}"
                    },
                    {
                      "k": "contents_url",
                      "v": "https://api.github.com/repos/tetsu-tech/google-form/contents/{+path}"
                    },
                    {
                      "k": "contributors_url",
                      "v": "https://api.github.com/repos/tetsu-tech/google-form/contributors"
                    },
                    {
                      "k": "created_at",
                      "v": 1627733609.0
                    },
                    {
                      "k": "default_branch",
                      "v": "main"
                    },
                    {
                      "k": "deployments_url",
                      "v": "https://api.github.com/repos/tetsu-tech/google-form/deployments"
                    },
                    {
                      "k": "description",
                      "v": null
                    },
                    {
                      "k": "disabled",
                      "v": false
                    },
                    {
                      "k": "downloads_url",
                      "v": "https://api.github.com/repos/tetsu-tech/google-form/downloads"
                    },
                    {
                      "k": "events_url",
                      "v": "https://api.github.com/repos/tetsu-tech/google-form/events"
                    },
                    {
                      "k": "fork",
                      "v": false
                    },
                    {
                      "k": "forks",
                      "v": 0.0
                    },
                    {
                      "k": "forks_count",
                      "v": 0.0
                    },
                    {
                      "k": "forks_url",
                      "v": "https://api.github.com/repos/tetsu-tech/google-form/forks"
                    },
                    {
                      "k": "full_name",
                      "v": "tetsu-tech/google-form"
                    },
                    {
                      "k": "git_commits_url",
                      "v": "https://api.github.com/repos/tetsu-tech/google-form/git/commits{/sha}"
                    },
                    {
                      "k": "git_refs_url",
                      "v": "https://api.github.com/repos/tetsu-tech/google-form/git/refs{/sha}"
                    },
                    {
                      "k": "git_tags_url",
                      "v": "https://api.github.com/repos/tetsu-tech/google-form/git/tags{/sha}"
                    },
                    {
                      "k": "git_url",
                      "v": "git://github.com/tetsu-tech/google-form.git"
                    },
                    {
                      "k": "has_downloads",
                      "v": true
                    },
                    {
                      "k": "has_issues",
                      "v": true
                    },
                    {
                      "k": "has_pages",
                      "v": false
                    },
                    {
                      "k": "has_projects",
                      "v": true
                    },
                    {
                      "k": "has_wiki",
                      "v": true
                    },
                    {
                      "k": "homepage",
                      "v": null
                    },
                    {
                      "k": "hooks_url",
                      "v": "https://api.github.com/repos/tetsu-tech/google-form/hooks"
                    },
                    {
                      "k": "html_url",
                      "v": "https://github.com/tetsu-tech/google-form"
                    },
                    {
                      "k": "id",
                      "v": 391346918.0
                    },
                    {
                      "k": "issue_comment_url",
                      "v": "https://api.github.com/repos/tetsu-tech/google-form/issues/comments{/number}"
                    },
                    {
                      "k": "issue_events_url",
                      "v": "https://api.github.com/repos/tetsu-tech/google-form/issues/events{/number}"
                    },
                    {
                      "k": "issues_url",
                      "v": "https://api.github.com/repos/tetsu-tech/google-form/issues{/number}"
                    },
                    {
                      "k": "keys_url",
                      "v": "https://api.github.com/repos/tetsu-tech/google-form/keys{/key_id}"
                    },
                    {
                      "k": "labels_url",
                      "v": "https://api.github.com/repos/tetsu-tech/google-form/labels{/name}"
                    },
                    {
                      "k": "language",
                      "v": "JavaScript"
                    },
                    {
                      "k": "languages_url",
                      "v": "https://api.github.com/repos/tetsu-tech/google-form/languages"
                    },
                    {
                      "k": "license",
                      "v": null
                    },
                    {
                      "k": "master_branch",
                      "v": "main"
                    },
                    {
                      "k": "merges_url",
                      "v": "https://api.github.com/repos/tetsu-tech/google-form/merges"
                    },
                    {
                      "k": "milestones_url",
                      "v": "https://api.github.com/repos/tetsu-tech/google-form/milestones{/number}"
                    },
                    {
                      "k": "mirror_url",
                      "v": null
                    },
                    {
                      "k": "name",
                      "v": "google-form"
                    },
                    {
                      "k": "node_id",
                      "v": "MDEwOlJlcG9zaXRvcnkzOTEzNDY5MTg="
                    },
                    {
                      "k": "notifications_url",
                      "v": "https://api.github.com/repos/tetsu-tech/google-form/notifications{?since,all,participating}"
                    },
                    {
                      "k": "open_issues",
                      "v": 13.0
                    },
                    {
                      "k": "open_issues_count",
                      "v": 13.0
                    },
                    {
                      "k": "organization",
                      "v": "tetsu-tech"
                    },
                    {
                      "k": "owner",
                      "v": {
                        "t": 2,
                        "d": [
                          {
                            "k": "avatar_url",
                            "v": "https://avatars.githubusercontent.com/u/62490801?v=4"
                          },
                          {
                            "k": "email",
                            "v": null
                          },
                          {
                            "k": "events_url",
                            "v": "https://api.github.com/users/tetsu-tech/events{/privacy}"
                          },
                          {
                            "k": "followers_url",
                            "v": "https://api.github.com/users/tetsu-tech/followers"
                          },
                          {
                            "k": "following_url",
                            "v": "https://api.github.com/users/tetsu-tech/following{/other_user}"
                          },
                          {
                            "k": "gists_url",
                            "v": "https://api.github.com/users/tetsu-tech/gists{/gist_id}"
                          },
                          {
                            "k": "gravatar_id",
                            "v": ""
                          },
                          {
                            "k": "html_url",
                            "v": "https://github.com/tetsu-tech"
                          },
                          {
                            "k": "id",
                            "v": 62490801.0
                          },
                          {
                            "k": "login",
                            "v": "tetsu-tech"
                          },
                          {
                            "k": "name",
                            "v": "tetsu-tech"
                          },
                          {
                            "k": "node_id",
                            "v": "MDEyOk9yZ2FuaXphdGlvbjYyNDkwODAx"
                          },
                          {
                            "k": "organizations_url",
                            "v": "https://api.github.com/users/tetsu-tech/orgs"
                          },
                          {
                            "k": "received_events_url",
                            "v": "https://api.github.com/users/tetsu-tech/received_events"
                          },
                          {
                            "k": "repos_url",
                            "v": "https://api.github.com/users/tetsu-tech/repos"
                          },
                          {
                            "k": "site_admin",
                            "v": false
                          },
                          {
                            "k": "starred_url",
                            "v": "https://api.github.com/users/tetsu-tech/starred{/owner}{/repo}"
                          },
                          {
                            "k": "subscriptions_url",
                            "v": "https://api.github.com/users/tetsu-tech/subscriptions"
                          },
                          {
                            "k": "type",
                            "v": "Organization"
                          },
                          {
                            "k": "url",
                            "v": "https://api.github.com/users/tetsu-tech"
                          }
                        ]
                      }
                    },
                    {
                      "k": "private",
                      "v": false
                    },
                    {
                      "k": "pulls_url",
                      "v": "https://api.github.com/repos/tetsu-tech/google-form/pulls{/number}"
                    },
                    {
                      "k": "pushed_at",
                      "v": 1632558217.0
                    },
                    {
                      "k": "releases_url",
                      "v": "https://api.github.com/repos/tetsu-tech/google-form/releases{/id}"
                    },
                    {
                      "k": "size",
                      "v": 27.0
                    },
                    {
                      "k": "ssh_url",
                      "v": "git@github.com:tetsu-tech/google-form.git"
                    },
                    {
                      "k": "stargazers",
                      "v": 0.0
                    },
                    {
                      "k": "stargazers_count",
                      "v": 0.0
                    },
                    {
                      "k": "stargazers_url",
                      "v": "https://api.github.com/repos/tetsu-tech/google-form/stargazers"
                    },
                    {
                      "k": "statuses_url",
                      "v": "https://api.github.com/repos/tetsu-tech/google-form/statuses/{sha}"
                    },
                    {
                      "k": "subscribers_url",
                      "v": "https://api.github.com/repos/tetsu-tech/google-form/subscribers"
                    },
                    {
                      "k": "subscription_url",
                      "v": "https://api.github.com/repos/tetsu-tech/google-form/subscription"
                    },
                    {
                      "k": "svn_url",
                      "v": "https://github.com/tetsu-tech/google-form"
                    },
                    {
                      "k": "tags_url",
                      "v": "https://api.github.com/repos/tetsu-tech/google-form/tags"
                    },
                    {
                      "k": "teams_url",
                      "v": "https://api.github.com/repos/tetsu-tech/google-form/teams"
                    },
                    {
                      "k": "trees_url",
                      "v": "https://api.github.com/repos/tetsu-tech/google-form/git/trees{/sha}"
                    },
                    {
                      "k": "updated_at",
                      "v": "2021-09-25T07:32:43Z"
                    },
                    {
                      "k": "url",
                      "v": "https://github.com/tetsu-tech/google-form"
                    },
                    {
                      "k": "watchers",
                      "v": 0.0
                    },
                    {
                      "k": "watchers_count",
                      "v": 0.0
                    }
                  ]
                }
              },
              {
                "k": "sender",
                "v": {
                  "t": 2,
                  "d": [
                    {
                      "k": "avatar_url",
                      "v": "https://avatars.githubusercontent.com/u/61375806?v=4"
                    },
                    {
                      "k": "events_url",
                      "v": "https://api.github.com/users/mm-masahiro/events{/privacy}"
                    },
                    {
                      "k": "followers_url",
                      "v": "https://api.github.com/users/mm-masahiro/followers"
                    },
                    {
                      "k": "following_url",
                      "v": "https://api.github.com/users/mm-masahiro/following{/other_user}"
                    },
                    {
                      "k": "gists_url",
                      "v": "https://api.github.com/users/mm-masahiro/gists{/gist_id}"
                    },
                    {
                      "k": "gravatar_id",
                      "v": ""
                    },
                    {
                      "k": "html_url",
                      "v": "https://github.com/mm-masahiro"
                    },
                    {
                      "k": "id",
                      "v": 61375806.0
                    },
                    {
                      "k": "login",
                      "v": "mm-masahiro"
                    },
                    {
                      "k": "node_id",
                      "v": "MDQ6VXNlcjYxMzc1ODA2"
                    },
                    {
                      "k": "organizations_url",
                      "v": "https://api.github.com/users/mm-masahiro/orgs"
                    },
                    {
                      "k": "received_events_url",
                      "v": "https://api.github.com/users/mm-masahiro/received_events"
                    },
                    {
                      "k": "repos_url",
                      "v": "https://api.github.com/users/mm-masahiro/repos"
                    },
                    {
                      "k": "site_admin",
                      "v": false
                    },
                    {
                      "k": "starred_url",
                      "v": "https://api.github.com/users/mm-masahiro/starred{/owner}{/repo}"
                    },
                    {
                      "k": "subscriptions_url",
                      "v": "https://api.github.com/users/mm-masahiro/subscriptions"
                    },
                    {
                      "k": "type",
                      "v": "User"
                    },
                    {
                      "k": "url",
                      "v": "https://api.github.com/users/mm-masahiro"
                    }
                  ]
                }
              }
            ]
          }
        },
        {
          "k": "server_url",
          "v": "https://github.com"
        },
        {
          "k": "api_url",
          "v": "https://api.github.com"
        },
        {
          "k": "graphql_url",
          "v": "https://api.github.com/graphql"
        },
        {
          "k": "ref_protected",
          "v": false
        },
        {
          "k": "ref_type",
          "v": "branch"
        }
      ]
    },
    "needs": {
      "t": 2
    },
    "inputs": null,
    "matrix": null,
    "strategy": {
      "t": 2,
      "d": [
        {
          "k": "fail-fast",
          "v": true
        },
        {
          "k": "job-index",
          "v": 0.0
        },
        {
          "k": "job-total",
          "v": 1.0
        },
        {
          "k": "max-parallel",
          "v": 1.0
        }
      ]
    }
  }
}
[2021-09-25 08:23:43Z INFO JobRunner] Job ID ca395085-040a-526b-2ce8-bdc85f692774
[2021-09-25 08:23:43Z INFO JobRunner] Creating job server with URL: https://pipelines.actions.githubusercontent.com/ZPWuuLyLRbgRe9LIXHUIiUXrw6Kd7LBslcvRCcHC82ilTzSLMM/
[2021-09-25 08:23:43Z INFO GitHubActionsService] Starting operation Location.GetConnectionData
[2021-09-25 08:23:43Z INFO Worker] Listening for cancel message from the channel.
[2021-09-25 08:23:43Z INFO Worker] Waiting for the job to complete or for a cancel message from the channel.
[2021-09-25 08:23:44Z INFO GitHubActionsService] Finished operation Location.GetConnectionData
[2021-09-25 08:23:44Z INFO JobServerQueue] Start process web console line queue.
[2021-09-25 08:23:44Z INFO JobServerQueue] Start process file upload queue.
[2021-09-25 08:23:44Z INFO JobServerQueue] Start process timeline update queue.
[2021-09-25 08:23:44Z INFO ExecutionContext] Initialize GitHub context
[2021-09-25 08:23:44Z INFO ExecutionContext] Initialize Env context
[2021-09-25 08:23:44Z INFO ConfigurationStore] currentAssemblyLocation: /Users/morinagamasahiro/google-form/bin/Runner.Worker.dll
[2021-09-25 08:23:44Z INFO HostContext] Well known directory 'Bin': '/Users/morinagamasahiro/google-form/bin'
[2021-09-25 08:23:44Z INFO ConfigurationStore] binPath: /Users/morinagamasahiro/google-form/bin
[2021-09-25 08:23:44Z INFO HostContext] Well known directory 'Bin': '/Users/morinagamasahiro/google-form/bin'
[2021-09-25 08:23:44Z INFO HostContext] Well known directory 'Root': '/Users/morinagamasahiro/google-form'
[2021-09-25 08:23:44Z INFO ConfigurationStore] RootFolder: /Users/morinagamasahiro/google-form
[2021-09-25 08:23:44Z INFO HostContext] Well known directory 'Bin': '/Users/morinagamasahiro/google-form/bin'
[2021-09-25 08:23:44Z INFO HostContext] Well known directory 'Root': '/Users/morinagamasahiro/google-form'
[2021-09-25 08:23:44Z INFO HostContext] Well known config file 'Runner': '/Users/morinagamasahiro/google-form/.runner'
[2021-09-25 08:23:44Z INFO ConfigurationStore] ConfigFilePath: /Users/morinagamasahiro/google-form/.runner
[2021-09-25 08:23:44Z INFO HostContext] Well known directory 'Bin': '/Users/morinagamasahiro/google-form/bin'
[2021-09-25 08:23:44Z INFO HostContext] Well known directory 'Root': '/Users/morinagamasahiro/google-form'
[2021-09-25 08:23:44Z INFO HostContext] Well known config file 'Credentials': '/Users/morinagamasahiro/google-form/.credentials'
[2021-09-25 08:23:44Z INFO ConfigurationStore] CredFilePath: /Users/morinagamasahiro/google-form/.credentials
[2021-09-25 08:23:44Z INFO HostContext] Well known directory 'Bin': '/Users/morinagamasahiro/google-form/bin'
[2021-09-25 08:23:44Z INFO HostContext] Well known directory 'Root': '/Users/morinagamasahiro/google-form'
[2021-09-25 08:23:44Z INFO HostContext] Well known config file 'MigratedCredentials': '/Users/morinagamasahiro/google-form/.credentials_migrated'
[2021-09-25 08:23:44Z INFO ConfigurationStore] MigratedCredFilePath: /Users/morinagamasahiro/google-form/.credentials_migrated
[2021-09-25 08:23:44Z INFO HostContext] Well known directory 'Bin': '/Users/morinagamasahiro/google-form/bin'
[2021-09-25 08:23:44Z INFO HostContext] Well known directory 'Root': '/Users/morinagamasahiro/google-form'
[2021-09-25 08:23:44Z INFO HostContext] Well known config file 'Service': '/Users/morinagamasahiro/google-form/.service'
[2021-09-25 08:23:44Z INFO ConfigurationStore] ServiceConfigFilePath: /Users/morinagamasahiro/google-form/.service
[2021-09-25 08:23:44Z INFO ConfigurationStore] Read setting file: 297 chars
[2021-09-25 08:23:44Z INFO HostContext] Well known directory 'Bin': '/Users/morinagamasahiro/google-form/bin'
[2021-09-25 08:23:44Z INFO HostContext] Well known directory 'Root': '/Users/morinagamasahiro/google-form'
[2021-09-25 08:23:44Z INFO HostContext] Well known directory 'Diag': '/Users/morinagamasahiro/google-form/_diag'
[2021-09-25 08:23:44Z INFO JobRunner] Starting the job execution context.
[2021-09-25 08:23:44Z INFO HostContext] Well known directory 'Bin': '/Users/morinagamasahiro/google-form/bin'
[2021-09-25 08:23:44Z INFO HostContext] Well known directory 'Root': '/Users/morinagamasahiro/google-form'
[2021-09-25 08:23:44Z INFO HostContext] Well known directory 'Work': '/Users/morinagamasahiro/google-form/_work'
[2021-09-25 08:23:44Z INFO JobRunner] Validating directory permissions for: '/Users/morinagamasahiro/google-form/_work'
[2021-09-25 08:23:44Z INFO HostContext] Well known directory 'Bin': '/Users/morinagamasahiro/google-form/bin'
[2021-09-25 08:23:44Z INFO HostContext] Well known directory 'Root': '/Users/morinagamasahiro/google-form'
[2021-09-25 08:23:44Z INFO HostContext] Well known directory 'Work': '/Users/morinagamasahiro/google-form/_work'
[2021-09-25 08:23:44Z INFO HostContext] Well known directory 'Tools': '/Users/morinagamasahiro/google-form/_work/_tool'
[2021-09-25 08:23:44Z INFO HostContext] Well known directory 'Bin': '/Users/morinagamasahiro/google-form/bin'
[2021-09-25 08:23:44Z INFO HostContext] Well known directory 'Root': '/Users/morinagamasahiro/google-form'
[2021-09-25 08:23:44Z INFO HostContext] Well known directory 'Work': '/Users/morinagamasahiro/google-form/_work'
[2021-09-25 08:23:44Z INFO HostContext] Well known directory 'Temp': '/Users/morinagamasahiro/google-form/_work/_temp'
[2021-09-25 08:23:44Z INFO JobRunner] Getting job extension.
[2021-09-25 08:23:44Z INFO JobRunner] Initialize job. Getting all job steps.
[2021-09-25 08:23:44Z INFO HostContext] Well known directory 'Bin': '/Users/morinagamasahiro/google-form/bin'
[2021-09-25 08:23:44Z INFO HostContext] Well known directory 'Root': '/Users/morinagamasahiro/google-form'
[2021-09-25 08:23:44Z INFO HostContext] Well known directory 'Diag': '/Users/morinagamasahiro/google-form/_diag'
[2021-09-25 08:23:44Z INFO HostContext] Well known directory 'Bin': '/Users/morinagamasahiro/google-form/bin'
[2021-09-25 08:23:44Z INFO HostContext] Well known directory 'Root': '/Users/morinagamasahiro/google-form'
[2021-09-25 08:23:44Z INFO HostContext] Well known config file 'Credentials': '/Users/morinagamasahiro/google-form/.credentials'
[2021-09-25 08:23:44Z INFO HostContext] Well known directory 'Bin': '/Users/morinagamasahiro/google-form/bin'
[2021-09-25 08:23:44Z INFO HostContext] Well known directory 'Root': '/Users/morinagamasahiro/google-form'
[2021-09-25 08:23:44Z INFO HostContext] Well known config file 'SetupInfo': '/Users/morinagamasahiro/google-form/.setup_info'
[2021-09-25 08:23:44Z INFO HostContext] Well known directory 'Bin': '/Users/morinagamasahiro/google-form/bin'
[2021-09-25 08:23:44Z INFO HostContext] Well known directory 'Root': '/Users/morinagamasahiro/google-form'
[2021-09-25 08:23:44Z INFO HostContext] Well known directory 'Work': '/Users/morinagamasahiro/google-form/_work'
[2021-09-25 08:23:44Z INFO PipelineDirectoryManager] Loading tracking config if exists: /Users/morinagamasahiro/google-form/_work/_PipelineMapping/tetsu-tech/google-form/PipelineFolder.json
[2021-09-25 08:23:44Z INFO PipelineDirectoryManager] Creating a new tracking config file.
[2021-09-25 08:23:44Z INFO HostContext] Well known directory 'Bin': '/Users/morinagamasahiro/google-form/bin'
[2021-09-25 08:23:44Z INFO HostContext] Well known directory 'Root': '/Users/morinagamasahiro/google-form'
[2021-09-25 08:23:44Z INFO HostContext] Well known directory 'Work': '/Users/morinagamasahiro/google-form/_work'
[2021-09-25 08:23:44Z INFO PipelineDirectoryManager] Creating pipeline directory.
[2021-09-25 08:23:44Z INFO HostContext] Well known directory 'Bin': '/Users/morinagamasahiro/google-form/bin'
[2021-09-25 08:23:44Z INFO HostContext] Well known directory 'Root': '/Users/morinagamasahiro/google-form'
[2021-09-25 08:23:44Z INFO HostContext] Well known directory 'Work': '/Users/morinagamasahiro/google-form/_work'
[2021-09-25 08:23:44Z INFO PipelineDirectoryManager] Creating workspace directory.
[2021-09-25 08:23:44Z INFO HostContext] Well known directory 'Bin': '/Users/morinagamasahiro/google-form/bin'
[2021-09-25 08:23:44Z INFO HostContext] Well known directory 'Root': '/Users/morinagamasahiro/google-form'
[2021-09-25 08:23:44Z INFO HostContext] Well known directory 'Work': '/Users/morinagamasahiro/google-form/_work'
[2021-09-25 08:23:44Z INFO JobExtension] Downloading actions
[2021-09-25 08:23:44Z INFO HostContext] Well known directory 'Bin': '/Users/morinagamasahiro/google-form/bin'
[2021-09-25 08:23:44Z INFO HostContext] Well known directory 'Root': '/Users/morinagamasahiro/google-form'
[2021-09-25 08:23:44Z INFO HostContext] Well known directory 'Work': '/Users/morinagamasahiro/google-form/_work'
[2021-09-25 08:23:44Z INFO HostContext] Well known directory 'Actions': '/Users/morinagamasahiro/google-form/_work/_actions'
[2021-09-25 08:23:44Z INFO JobExtension] Adding .
[2021-09-25 08:23:44Z INFO HostContext] Well known directory 'Bin': '/Users/morinagamasahiro/google-form/bin'
[2021-09-25 08:23:44Z INFO HostContext] Well known directory 'Root': '/Users/morinagamasahiro/google-form'
[2021-09-25 08:23:44Z INFO HostContext] Well known directory 'Diag': '/Users/morinagamasahiro/google-form/_diag'
[2021-09-25 08:23:44Z INFO JobExtension] Total accessible running process: 343.
[2021-09-25 08:23:44Z INFO HostContext] Well known directory 'Bin': '/Users/morinagamasahiro/google-form/bin'
[2021-09-25 08:23:44Z INFO HostContext] Well known directory 'Root': '/Users/morinagamasahiro/google-form'
[2021-09-25 08:23:44Z INFO HostContext] Well known directory 'Work': '/Users/morinagamasahiro/google-form/_work'
[2021-09-25 08:23:44Z INFO JobRunner] Total job steps: 1.
[2021-09-25 08:23:44Z INFO JobRunner] Run all job steps.
[2021-09-25 08:23:44Z INFO StepsRunner] Processing step: DisplayName='Test1'
[2021-09-25 08:23:44Z INFO StepsRunner] Evaluating: success()
[2021-09-25 08:23:44Z INFO StepsRunner] Result: true
[2021-09-25 08:23:44Z INFO StepsRunner] Starting the step.
[2021-09-25 08:23:44Z INFO HostContext] Well known directory 'Bin': '/Users/morinagamasahiro/google-form/bin'
[2021-09-25 08:23:44Z INFO HostContext] Well known directory 'Root': '/Users/morinagamasahiro/google-form'
[2021-09-25 08:23:44Z INFO HostContext] Well known directory 'Work': '/Users/morinagamasahiro/google-form/_work'
[2021-09-25 08:23:44Z INFO HostContext] Well known directory 'Temp': '/Users/morinagamasahiro/google-form/_work/_temp'
[2021-09-25 08:23:44Z INFO ActionRunner] Write event payload to /Users/morinagamasahiro/google-form/_work/_temp/_github_workflow/event.json
[2021-09-25 08:23:44Z INFO HostContext] Well known directory 'Bin': '/Users/morinagamasahiro/google-form/bin'
[2021-09-25 08:23:44Z INFO HostContext] Well known directory 'Root': '/Users/morinagamasahiro/google-form'
[2021-09-25 08:23:44Z INFO HostContext] Well known directory 'Work': '/Users/morinagamasahiro/google-form/_work'
[2021-09-25 08:23:44Z INFO HostContext] Well known directory 'Temp': '/Users/morinagamasahiro/google-form/_work/_temp'
[2021-09-25 08:23:44Z INFO ExtensionManager] Getting extensions for interface: 'GitHub.Runner.Worker.IFileCommandExtension'
[2021-09-25 08:23:44Z INFO ExtensionManager] Creating instance: GitHub.Runner.Worker.AddPathFileCommand, Runner.Worker
[2021-09-25 08:23:44Z INFO ExtensionManager] Creating instance: GitHub.Runner.Worker.SetEnvFileCommand, Runner.Worker
[2021-09-25 08:23:44Z INFO ExtensionManager] Getting extensions for interface: 'GitHub.Runner.Worker.IActionCommandExtension'
[2021-09-25 08:23:44Z INFO ExtensionManager] Creating instance: GitHub.Runner.Worker.InternalPluginSetRepoPathCommandExtension, Runner.Worker
[2021-09-25 08:23:44Z INFO ExtensionManager] Creating instance: GitHub.Runner.Worker.SetEnvCommandExtension, Runner.Worker
[2021-09-25 08:23:44Z INFO ExtensionManager] Creating instance: GitHub.Runner.Worker.SetOutputCommandExtension, Runner.Worker
[2021-09-25 08:23:44Z INFO ExtensionManager] Creating instance: GitHub.Runner.Worker.SaveStateCommandExtension, Runner.Worker
[2021-09-25 08:23:44Z INFO ExtensionManager] Creating instance: GitHub.Runner.Worker.AddPathCommandExtension, Runner.Worker
[2021-09-25 08:23:44Z INFO ExtensionManager] Creating instance: GitHub.Runner.Worker.AddMaskCommandExtension, Runner.Worker
[2021-09-25 08:23:44Z INFO ExtensionManager] Creating instance: GitHub.Runner.Worker.AddMatcherCommandExtension, Runner.Worker
[2021-09-25 08:23:44Z INFO ExtensionManager] Creating instance: GitHub.Runner.Worker.RemoveMatcherCommandExtension, Runner.Worker
[2021-09-25 08:23:44Z INFO ExtensionManager] Creating instance: GitHub.Runner.Worker.WarningCommandExtension, Runner.Worker
[2021-09-25 08:23:44Z INFO ExtensionManager] Creating instance: GitHub.Runner.Worker.ErrorCommandExtension, Runner.Worker
[2021-09-25 08:23:44Z INFO ExtensionManager] Creating instance: GitHub.Runner.Worker.NoticeCommandExtension, Runner.Worker
[2021-09-25 08:23:44Z INFO ExtensionManager] Creating instance: GitHub.Runner.Worker.DebugCommandExtension, Runner.Worker
[2021-09-25 08:23:44Z INFO ExtensionManager] Creating instance: GitHub.Runner.Worker.GroupCommandExtension, Runner.Worker
[2021-09-25 08:23:44Z INFO ExtensionManager] Creating instance: GitHub.Runner.Worker.EndGroupCommandExtension, Runner.Worker
[2021-09-25 08:23:44Z INFO ExtensionManager] Creating instance: GitHub.Runner.Worker.EchoCommandExtension, Runner.Worker
[2021-09-25 08:23:44Z INFO ActionCommandManager] Register action command extension for command internal-set-repo-path
[2021-09-25 08:23:44Z INFO ActionCommandManager] Register action command extension for command set-env
[2021-09-25 08:23:44Z INFO ActionCommandManager] Register action command extension for command set-output
[2021-09-25 08:23:44Z INFO ActionCommandManager] Register action command extension for command save-state
[2021-09-25 08:23:44Z INFO ActionCommandManager] Register action command extension for command add-path
[2021-09-25 08:23:44Z INFO ActionCommandManager] Register action command extension for command add-mask
[2021-09-25 08:23:44Z INFO ActionCommandManager] Register action command extension for command add-matcher
[2021-09-25 08:23:44Z INFO ActionCommandManager] Register action command extension for command remove-matcher
[2021-09-25 08:23:44Z INFO ActionCommandManager] Register action command extension for command warning
[2021-09-25 08:23:44Z INFO ActionCommandManager] Register action command extension for command error
[2021-09-25 08:23:44Z INFO ActionCommandManager] Register action command extension for command notice
[2021-09-25 08:23:44Z INFO ActionCommandManager] Register action command extension for command debug
[2021-09-25 08:23:44Z INFO ActionCommandManager] Register action command extension for command group
[2021-09-25 08:23:44Z INFO ActionCommandManager] Register action command extension for command endgroup
[2021-09-25 08:23:44Z INFO ActionCommandManager] Register action command extension for command echo
[2021-09-25 08:23:44Z INFO ScriptHandler] Which: 'bash'
[2021-09-25 08:23:44Z INFO ScriptHandler] Location: '/bin/bash'
[2021-09-25 08:23:44Z INFO HostContext] Well known directory 'Bin': '/Users/morinagamasahiro/google-form/bin'
[2021-09-25 08:23:44Z INFO HostContext] Well known directory 'Root': '/Users/morinagamasahiro/google-form'
[2021-09-25 08:23:44Z INFO HostContext] Well known directory 'Work': '/Users/morinagamasahiro/google-form/_work'
[2021-09-25 08:23:44Z INFO HostContext] Well known directory 'Temp': '/Users/morinagamasahiro/google-form/_work/_temp'
[2021-09-25 08:23:44Z INFO ScriptHandler] Which: 'bash'
[2021-09-25 08:23:44Z INFO ScriptHandler] Location: '/bin/bash'
[2021-09-25 08:23:44Z INFO ProcessInvokerWrapper] Starting process:
[2021-09-25 08:23:44Z INFO ProcessInvokerWrapper]   File name: '/bin/bash'
[2021-09-25 08:23:44Z INFO ProcessInvokerWrapper]   Arguments: '-e /Users/morinagamasahiro/google-form/_work/_temp/b29e1edc-b6a6-4b3d-8871-95fdb346b548.sh'
[2021-09-25 08:23:44Z INFO ProcessInvokerWrapper]   Working directory: '/Users/morinagamasahiro/google-form/_work/google-form/google-form'
[2021-09-25 08:23:44Z INFO ProcessInvokerWrapper]   Require exit code zero: 'False'
[2021-09-25 08:23:44Z INFO ProcessInvokerWrapper]   Encoding web name:  ; code page: ''
[2021-09-25 08:23:44Z INFO ProcessInvokerWrapper]   Force kill process on cancellation: 'False'
[2021-09-25 08:23:44Z INFO ProcessInvokerWrapper]   Redirected STDIN: 'False'
[2021-09-25 08:23:44Z INFO ProcessInvokerWrapper]   Persist current code page: 'False'
[2021-09-25 08:23:44Z INFO ProcessInvokerWrapper]   Keep redirected STDIN open: 'False'
[2021-09-25 08:23:44Z INFO ProcessInvokerWrapper]   High priority process: 'False'
[2021-09-25 08:23:44Z INFO ProcessInvokerWrapper] Process started with process id 99046, waiting for process exit.
[2021-09-25 08:23:44Z INFO ProcessInvokerWrapper] STDOUT/STDERR stream read finished.
[2021-09-25 08:23:44Z INFO ProcessInvokerWrapper] STDOUT/STDERR stream read finished.
[2021-09-25 08:23:44Z INFO ProcessInvokerWrapper] Finished process 99046 with exit code 0, and elapsed time 00:00:00.0116730.
[2021-09-25 08:23:44Z INFO StepsRunner] Step result: 
[2021-09-25 08:23:44Z INFO StepsRunner] No need for updating job result with current step result 'Succeeded'.
[2021-09-25 08:23:44Z INFO StepsRunner] Current state: job state = ''
[2021-09-25 08:23:44Z INFO JobRunner] Finalize job.
[2021-09-25 08:23:44Z INFO HostContext] Well known directory 'Bin': '/Users/morinagamasahiro/google-form/bin'
[2021-09-25 08:23:44Z INFO HostContext] Well known directory 'Root': '/Users/morinagamasahiro/google-form'
[2021-09-25 08:23:44Z INFO HostContext] Well known directory 'Diag': '/Users/morinagamasahiro/google-form/_diag'
[2021-09-25 08:23:44Z INFO JobExtension] Initialize Env context
[2021-09-25 08:23:44Z INFO JobExtension] Initialize steps context
[2021-09-25 08:23:44Z INFO JobExtension] Total accessible running process: 343.
[2021-09-25 08:23:44Z INFO JobRunner] Job result after all job steps finish: Succeeded
[2021-09-25 08:23:44Z INFO JobRunner] Completing the job execution context.
[2021-09-25 08:23:44Z INFO JobRunner] Shutting down the job server queue.
[2021-09-25 08:23:44Z INFO JobServerQueue] Fire signal to shutdown all queues.
[2021-09-25 08:23:44Z INFO JobServerQueue] Try to append 1 batches web console lines for record 'd679c478-6db0-4af0-aaa1-40c7a4859e34', success rate: 1/1.
[2021-09-25 08:23:45Z INFO JobServerQueue] Try to append 1 batches web console lines for record 'dd23db01-cff6-57a4-373a-5c8097a97333', success rate: 1/1.
[2021-09-25 08:23:45Z INFO JobServerQueue] Try to append 1 batches web console lines for record '8f7a4105-0505-4f4f-b5e6-49e07892cae5', success rate: 1/1.
[2021-09-25 08:23:45Z INFO JobServerQueue] All queue process task stopped.
[2021-09-25 08:23:45Z INFO JobServerQueue] Web console line queue drained.
[2021-09-25 08:23:45Z INFO JobServerQueue] Uploading 4 files in one shot.
[2021-09-25 08:23:47Z INFO JobServerQueue] Try to upload 4 log files or attachments, success rate: 4/4.
[2021-09-25 08:23:47Z INFO JobServerQueue] File upload queue drained.
[2021-09-25 08:23:47Z INFO JobServerQueue] Job timeline record has been updated for the first time.
[2021-09-25 08:23:47Z INFO JobServerQueue] Timeline update queue drained.
[2021-09-25 08:23:47Z INFO JobServerQueue] All queue process tasks have been stopped, and all queues are drained.
[2021-09-25 08:23:47Z INFO TempDirectoryManager] Cleaning runner temp folder: /Users/morinagamasahiro/google-form/_work/_temp
[2021-09-25 08:23:47Z INFO JobRunner] Raising job completed event.
[2021-09-25 08:23:47Z INFO Worker] Job completed.
